Namespace(cfg_file='config/extractor/train_extractor_pointnet2.yml', use_sgd=True, no_cuda=False, eval=False, model_path=None)
Using GPU : 0 from 1 devices
PointNet2(
  (sa1): PointNetSetAbstraction(
    (mlp_convs): ModuleList(
      (0): Conv2d(3, 64, kernel_size=(1, 1), stride=(1, 1))
      (1): Conv2d(64, 64, kernel_size=(1, 1), stride=(1, 1))
      (2): Conv2d(64, 128, kernel_size=(1, 1), stride=(1, 1))
    )
    (mlp_bns): ModuleList(
      (0-1): 2 x BatchNorm2d(64, eps=1e-05, momentum=0.1, affine=True, track_running_stats=True)
      (2): BatchNorm2d(128, eps=1e-05, momentum=0.1, affine=True, track_running_stats=True)
    )
  )
  (sa2): PointNetSetAbstraction(
    (mlp_convs): ModuleList(
      (0): Conv2d(131, 128, kernel_size=(1, 1), stride=(1, 1))
      (1): Conv2d(128, 128, kernel_size=(1, 1), stride=(1, 1))
      (2): Conv2d(128, 256, kernel_size=(1, 1), stride=(1, 1))
    )
    (mlp_bns): ModuleList(
      (0-1): 2 x BatchNorm2d(128, eps=1e-05, momentum=0.1, affine=True, track_running_stats=True)
      (2): BatchNorm2d(256, eps=1e-05, momentum=0.1, affine=True, track_running_stats=True)
    )
  )
  (sa3): PointNetSetAbstraction(
    (mlp_convs): ModuleList(
      (0): Conv2d(259, 256, kernel_size=(1, 1), stride=(1, 1))
      (1): Conv2d(256, 512, kernel_size=(1, 1), stride=(1, 1))
      (2): Conv2d(512, 1024, kernel_size=(1, 1), stride=(1, 1))
    )
    (mlp_bns): ModuleList(
      (0): BatchNorm2d(256, eps=1e-05, momentum=0.1, affine=True, track_running_stats=True)
      (1): BatchNorm2d(512, eps=1e-05, momentum=0.1, affine=True, track_running_stats=True)
      (2): BatchNorm2d(1024, eps=1e-05, momentum=0.1, affine=True, track_running_stats=True)
    )
  )
  (fc1): Linear(in_features=1024, out_features=512, bias=True)
  (bn1): BatchNorm1d(512, eps=1e-05, momentum=0.1, affine=True, track_running_stats=True)
  (drop1): Dropout(p=0.4, inplace=False)
  (fc2): Linear(in_features=512, out_features=256, bias=True)
  (bn2): BatchNorm1d(256, eps=1e-05, momentum=0.1, affine=True, track_running_stats=True)
  (drop2): Dropout(p=0.4, inplace=False)
  (fc3): Linear(in_features=256, out_features=40, bias=True)
)
NUMBER OF TRAINABLE PARAMS: 1475688
SGD (
Parameter Group 0
    dampening: 0
    differentiable: False
    foreach: None
    initial_lr: 0.1
    lr: 0.1
    maximize: False
    momentum: 0.9
    nesterov: False
    weight_decay: 0.0001
)
Train 0, loss: 3.207777, train acc: 0.246030, train avg acc: 0.138467
Test 0, loss: 2.881745, test acc: 0.310778, test avg acc: 0.230785
Train 1, loss: 2.766949, train acc: 0.379886, train avg acc: 0.241342
Test 1, loss: 2.535711, test acc: 0.462723, test avg acc: 0.350029
Train 2, loss: 2.637934, train acc: 0.427015, train avg acc: 0.284618
Test 2, loss: 2.451179, test acc: 0.487034, test avg acc: 0.371866
Train 3, loss: 2.539476, train acc: 0.467936, train avg acc: 0.328846
Test 3, loss: 2.439328, test acc: 0.507699, test avg acc: 0.402936
Train 4, loss: 2.496357, train acc: 0.492671, train avg acc: 0.354924
Test 4, loss: 2.293254, test acc: 0.546191, test avg acc: 0.455140
Train 5, loss: 2.439165, train acc: 0.508143, train avg acc: 0.375566
Test 5, loss: 2.311909, test acc: 0.542950, test avg acc: 0.445273
Train 6, loss: 2.402229, train acc: 0.529011, train avg acc: 0.390984
Test 6, loss: 2.267043, test acc: 0.550243, test avg acc: 0.467651
Train 7, loss: 2.362108, train acc: 0.545297, train avg acc: 0.417185
Test 7, loss: 2.294459, test acc: 0.555916, test avg acc: 0.484017
Train 8, loss: 2.350133, train acc: 0.544890, train avg acc: 0.415628
Test 8, loss: 2.215216, test acc: 0.580632, test avg acc: 0.483686
Train 9, loss: 2.312697, train acc: 0.569727, train avg acc: 0.442694
Test 9, loss: 2.128607, test acc: 0.614263, test avg acc: 0.535587
Train 10, loss: 2.300436, train acc: 0.569625, train avg acc: 0.447572
Test 10, loss: 2.145030, test acc: 0.609806, test avg acc: 0.501535
Train 11, loss: 2.270842, train acc: 0.576242, train avg acc: 0.448747
Test 11, loss: 2.107272, test acc: 0.640194, test avg acc: 0.531529
Train 12, loss: 2.261638, train acc: 0.585403, train avg acc: 0.457262
Test 12, loss: 2.120565, test acc: 0.638169, test avg acc: 0.546616
Train 13, loss: 2.243711, train acc: 0.593750, train avg acc: 0.473370
Test 13, loss: 2.033183, test acc: 0.667342, test avg acc: 0.565959
Train 14, loss: 2.211644, train acc: 0.605965, train avg acc: 0.486120
Test 14, loss: 2.150718, test acc: 0.602512, test avg acc: 0.501157
Train 15, loss: 2.202603, train acc: 0.615126, train avg acc: 0.491551
Test 15, loss: 2.040131, test acc: 0.661669, test avg acc: 0.560895
Train 16, loss: 2.198350, train acc: 0.615024, train avg acc: 0.492958
Test 16, loss: 1.999709, test acc: 0.696921, test avg acc: 0.607093
Train 17, loss: 2.188646, train acc: 0.619503, train avg acc: 0.498649
Test 17, loss: 2.100472, test acc: 0.651135, test avg acc: 0.562959
Train 18, loss: 2.167121, train acc: 0.631311, train avg acc: 0.518541
Test 18, loss: 2.050900, test acc: 0.672204, test avg acc: 0.561971
Train 19, loss: 2.147473, train acc: 0.639658, train avg acc: 0.520517
Test 19, loss: 1.972224, test acc: 0.701378, test avg acc: 0.603855
Train 20, loss: 2.145975, train acc: 0.638131, train avg acc: 0.524244
Test 20, loss: 2.005675, test acc: 0.682334, test avg acc: 0.575773
Train 21, loss: 2.144310, train acc: 0.641999, train avg acc: 0.527151
Test 21, loss: 2.053345, test acc: 0.651135, test avg acc: 0.561413
Train 22, loss: 2.136066, train acc: 0.641592, train avg acc: 0.527665
Test 22, loss: 2.043577, test acc: 0.665316, test avg acc: 0.584767
Train 23, loss: 2.118516, train acc: 0.657471, train avg acc: 0.548194
Test 23, loss: 1.983842, test acc: 0.709481, test avg acc: 0.611227
Train 24, loss: 2.110537, train acc: 0.657064, train avg acc: 0.540222
Test 24, loss: 2.062397, test acc: 0.658428, test avg acc: 0.584192
Train 25, loss: 2.102361, train acc: 0.656250, train avg acc: 0.544499
Test 25, loss: 1.991245, test acc: 0.693274, test avg acc: 0.606890
Train 26, loss: 2.108302, train acc: 0.653196, train avg acc: 0.541194
Test 26, loss: 1.928177, test acc: 0.713533, test avg acc: 0.618360
Train 27, loss: 2.089965, train acc: 0.664292, train avg acc: 0.556747
Test 27, loss: 2.061617, test acc: 0.655186, test avg acc: 0.580506
Train 28, loss: 2.079534, train acc: 0.669279, train avg acc: 0.562426
Test 28, loss: 1.902151, test acc: 0.734198, test avg acc: 0.654814
Train 29, loss: 2.080626, train acc: 0.671926, train avg acc: 0.565182
Test 29, loss: 1.952069, test acc: 0.705835, test avg acc: 0.634808
Train 30, loss: 2.064141, train acc: 0.674267, train avg acc: 0.568907
Test 30, loss: 1.943501, test acc: 0.703404, test avg acc: 0.622256
Train 31, loss: 2.070697, train acc: 0.671926, train avg acc: 0.565112
Test 31, loss: 2.019036, test acc: 0.666937, test avg acc: 0.596884
Train 32, loss: 2.065079, train acc: 0.674878, train avg acc: 0.569864
Test 32, loss: 2.078660, test acc: 0.646272, test avg acc: 0.594122
Train 33, loss: 2.059570, train acc: 0.677626, train avg acc: 0.568748
Test 33, loss: 1.976513, test acc: 0.688412, test avg acc: 0.607895
Train 34, loss: 2.046664, train acc: 0.684039, train avg acc: 0.579188
Test 34, loss: 2.049127, test acc: 0.664100, test avg acc: 0.602238
Train 35, loss: 2.055858, train acc: 0.680171, train avg acc: 0.572145
Test 35, loss: 2.124608, test acc: 0.623987, test avg acc: 0.549419
Train 36, loss: 2.033904, train acc: 0.689739, train avg acc: 0.587145
Test 36, loss: 1.937766, test acc: 0.715154, test avg acc: 0.616459
Train 37, loss: 2.031839, train acc: 0.689943, train avg acc: 0.586586
Test 37, loss: 1.934608, test acc: 0.711102, test avg acc: 0.640767
Train 38, loss: 2.032468, train acc: 0.688721, train avg acc: 0.586892
Test 38, loss: 1.870012, test acc: 0.739870, test avg acc: 0.666250
Train 39, loss: 2.042973, train acc: 0.689129, train avg acc: 0.589407
Test 39, loss: 1.894050, test acc: 0.732172, test avg acc: 0.661797
Train 40, loss: 2.023001, train acc: 0.693913, train avg acc: 0.597751
Test 40, loss: 1.965981, test acc: 0.709076, test avg acc: 0.638942
Train 41, loss: 2.008833, train acc: 0.702056, train avg acc: 0.601207
Test 41, loss: 2.000064, test acc: 0.688412, test avg acc: 0.610581
Train 42, loss: 2.020662, train acc: 0.698901, train avg acc: 0.598147
Test 42, loss: 1.880140, test acc: 0.739870, test avg acc: 0.665767
Train 43, loss: 2.013903, train acc: 0.693302, train avg acc: 0.592937
Test 43, loss: 1.957331, test acc: 0.690843, test avg acc: 0.625419
Train 44, loss: 2.006047, train acc: 0.701140, train avg acc: 0.601090
Test 44, loss: 1.931100, test acc: 0.710697, test avg acc: 0.650523
Train 45, loss: 2.015469, train acc: 0.705517, train avg acc: 0.608081
Test 45, loss: 1.916052, test acc: 0.728120, test avg acc: 0.653186
Train 46, loss: 1.999141, train acc: 0.707757, train avg acc: 0.605822
Test 46, loss: 1.893261, test acc: 0.728525, test avg acc: 0.645070
Train 47, loss: 1.987194, train acc: 0.709385, train avg acc: 0.605697
Test 47, loss: 1.944897, test acc: 0.699352, test avg acc: 0.644663
Train 48, loss: 1.992749, train acc: 0.705517, train avg acc: 0.608968
Test 48, loss: 1.866330, test acc: 0.751621, test avg acc: 0.649227
Train 49, loss: 1.990996, train acc: 0.710505, train avg acc: 0.613060
Test 49, loss: 1.856704, test acc: 0.755267, test avg acc: 0.683523
Train 50, loss: 1.981632, train acc: 0.714577, train avg acc: 0.618405
Test 50, loss: 1.838462, test acc: 0.758914, test avg acc: 0.672070
Train 51, loss: 1.983951, train acc: 0.711319, train avg acc: 0.619936
Test 51, loss: 1.862548, test acc: 0.745138, test avg acc: 0.682488
Train 52, loss: 1.980013, train acc: 0.711523, train avg acc: 0.615233
Test 52, loss: 1.927289, test acc: 0.707861, test avg acc: 0.644773
Train 53, loss: 1.984655, train acc: 0.712541, train avg acc: 0.613488
Test 53, loss: 1.875162, test acc: 0.737034, test avg acc: 0.654913
Train 54, loss: 1.972370, train acc: 0.715493, train avg acc: 0.617650
Test 54, loss: 1.975127, test acc: 0.697326, test avg acc: 0.623209
Train 55, loss: 1.967350, train acc: 0.713762, train avg acc: 0.615144
Test 55, loss: 1.883994, test acc: 0.743517, test avg acc: 0.664872
Train 56, loss: 1.963448, train acc: 0.722720, train avg acc: 0.627963
Test 56, loss: 1.962540, test acc: 0.702593, test avg acc: 0.649837
Train 57, loss: 1.963336, train acc: 0.717427, train avg acc: 0.624809
Test 57, loss: 1.885416, test acc: 0.744327, test avg acc: 0.688116
Train 58, loss: 1.950944, train acc: 0.723432, train avg acc: 0.629375
Test 58, loss: 1.859752, test acc: 0.750000, test avg acc: 0.691384
Train 59, loss: 1.949654, train acc: 0.727809, train avg acc: 0.637629
Test 59, loss: 1.878783, test acc: 0.732577, test avg acc: 0.651349
Train 60, loss: 1.942259, train acc: 0.732797, train avg acc: 0.641796
Test 60, loss: 1.889079, test acc: 0.730956, test avg acc: 0.678314
Train 61, loss: 1.942419, train acc: 0.727199, train avg acc: 0.631179
Test 61, loss: 1.856042, test acc: 0.752836, test avg acc: 0.690442
Train 62, loss: 1.950604, train acc: 0.722313, train avg acc: 0.625600
Test 62, loss: 1.868372, test acc: 0.749595, test avg acc: 0.697767
Train 63, loss: 1.935902, train acc: 0.730761, train avg acc: 0.641379
Test 63, loss: 1.842093, test acc: 0.753241, test avg acc: 0.712302
Train 64, loss: 1.944143, train acc: 0.728420, train avg acc: 0.635772
Test 64, loss: 1.949629, test acc: 0.700162, test avg acc: 0.662895
Train 65, loss: 1.934058, train acc: 0.730456, train avg acc: 0.638037
Test 65, loss: 1.915060, test acc: 0.732982, test avg acc: 0.662977
Train 66, loss: 1.934276, train acc: 0.735037, train avg acc: 0.644625
Test 66, loss: 1.865706, test acc: 0.743112, test avg acc: 0.655023
Train 67, loss: 1.939301, train acc: 0.730354, train avg acc: 0.637815
Test 67, loss: 1.859478, test acc: 0.754457, test avg acc: 0.677860
Train 68, loss: 1.921992, train acc: 0.739108, train avg acc: 0.646875
Test 68, loss: 1.838084, test acc: 0.750810, test avg acc: 0.701674
Train 69, loss: 1.940652, train acc: 0.726283, train avg acc: 0.633593
Test 69, loss: 1.926635, test acc: 0.706240, test avg acc: 0.642767
Train 70, loss: 1.921135, train acc: 0.741042, train avg acc: 0.648746
Test 70, loss: 1.883090, test acc: 0.726904, test avg acc: 0.673826
Train 71, loss: 1.914588, train acc: 0.738090, train avg acc: 0.649024
Test 71, loss: 1.840483, test acc: 0.765397, test avg acc: 0.690390
Train 72, loss: 1.907230, train acc: 0.746030, train avg acc: 0.658615
Test 72, loss: 1.810185, test acc: 0.774716, test avg acc: 0.712547
Train 73, loss: 1.913131, train acc: 0.741755, train avg acc: 0.652310
Test 73, loss: 1.815247, test acc: 0.754862, test avg acc: 0.694773
Train 74, loss: 1.903306, train acc: 0.747659, train avg acc: 0.656318
Test 74, loss: 1.905081, test acc: 0.720827, test avg acc: 0.669872
Train 75, loss: 1.908634, train acc: 0.743384, train avg acc: 0.651353
Test 75, loss: 1.819218, test acc: 0.768233, test avg acc: 0.688343
Train 76, loss: 1.918531, train acc: 0.741348, train avg acc: 0.653924
Test 76, loss: 1.846365, test acc: 0.743922, test avg acc: 0.684110
Train 77, loss: 1.888359, train acc: 0.751018, train avg acc: 0.661116
Test 77, loss: 1.873916, test acc: 0.731767, test avg acc: 0.676349
Train 78, loss: 1.892164, train acc: 0.751018, train avg acc: 0.666632
Test 78, loss: 1.997988, test acc: 0.684360, test avg acc: 0.645977
Train 79, loss: 1.880001, train acc: 0.756209, train avg acc: 0.667990
Test 79, loss: 1.846473, test acc: 0.746353, test avg acc: 0.692453
Train 80, loss: 1.884133, train acc: 0.751934, train avg acc: 0.668396
Test 80, loss: 1.874423, test acc: 0.739060, test avg acc: 0.674802
Train 81, loss: 1.883299, train acc: 0.753868, train avg acc: 0.669397
Test 81, loss: 1.845798, test acc: 0.757293, test avg acc: 0.696198
Train 82, loss: 1.889056, train acc: 0.752239, train avg acc: 0.665163
Test 82, loss: 1.830965, test acc: 0.749190, test avg acc: 0.699552
Train 83, loss: 1.879303, train acc: 0.755700, train avg acc: 0.670390
Test 83, loss: 1.829730, test acc: 0.762966, test avg acc: 0.708767
Train 84, loss: 1.878351, train acc: 0.757736, train avg acc: 0.672791
Test 84, loss: 1.798784, test acc: 0.770665, test avg acc: 0.717645
Train 85, loss: 1.871760, train acc: 0.758449, train avg acc: 0.673302
Test 85, loss: 1.787602, test acc: 0.782415, test avg acc: 0.707081
Train 86, loss: 1.862290, train acc: 0.762113, train avg acc: 0.677163
Test 86, loss: 1.756316, test acc: 0.785251, test avg acc: 0.725791
Train 87, loss: 1.880225, train acc: 0.754479, train avg acc: 0.672371
Test 87, loss: 1.867147, test acc: 0.735413, test avg acc: 0.675384
Train 88, loss: 1.870704, train acc: 0.759161, train avg acc: 0.674329
Test 88, loss: 1.832005, test acc: 0.767018, test avg acc: 0.693930
Train 89, loss: 1.856312, train acc: 0.769137, train avg acc: 0.682396
Test 89, loss: 1.848452, test acc: 0.744327, test avg acc: 0.667424
Train 90, loss: 1.866836, train acc: 0.765981, train avg acc: 0.685481
Test 90, loss: 1.858647, test acc: 0.743922, test avg acc: 0.690174
Train 91, loss: 1.854578, train acc: 0.764454, train avg acc: 0.681520
Test 91, loss: 1.818505, test acc: 0.772285, test avg acc: 0.699453
Train 92, loss: 1.848626, train acc: 0.771173, train avg acc: 0.694095
Test 92, loss: 1.820978, test acc: 0.760535, test avg acc: 0.700645
Train 93, loss: 1.856728, train acc: 0.771071, train avg acc: 0.687646
Test 93, loss: 1.843106, test acc: 0.758914, test avg acc: 0.713169
Train 94, loss: 1.852226, train acc: 0.767203, train avg acc: 0.681324
Test 94, loss: 1.820016, test acc: 0.759724, test avg acc: 0.711233
Train 95, loss: 1.851397, train acc: 0.769646, train avg acc: 0.685023
Test 95, loss: 1.826790, test acc: 0.762966, test avg acc: 0.719547
Train 96, loss: 1.842607, train acc: 0.771987, train avg acc: 0.688374
Test 96, loss: 1.896057, test acc: 0.738655, test avg acc: 0.673820
Train 97, loss: 1.834298, train acc: 0.773616, train avg acc: 0.693755
Test 97, loss: 1.789861, test acc: 0.776742, test avg acc: 0.724250
Train 98, loss: 1.844957, train acc: 0.770257, train avg acc: 0.684858
Test 98, loss: 1.841876, test acc: 0.745948, test avg acc: 0.688686
Train 99, loss: 1.830968, train acc: 0.780639, train avg acc: 0.702770
Test 99, loss: 1.754276, test acc: 0.789303, test avg acc: 0.711233
Train 100, loss: 1.839443, train acc: 0.770969, train avg acc: 0.689830
Test 100, loss: 1.831932, test acc: 0.762966, test avg acc: 0.709390
Train 101, loss: 1.832694, train acc: 0.780639, train avg acc: 0.704023
Test 101, loss: 1.738635, test acc: 0.799433, test avg acc: 0.727337
Train 102, loss: 1.817740, train acc: 0.783082, train avg acc: 0.703805
Test 102, loss: 1.824080, test acc: 0.764182, test avg acc: 0.698128
Train 103, loss: 1.821817, train acc: 0.783489, train avg acc: 0.704686
Test 103, loss: 1.801045, test acc: 0.776742, test avg acc: 0.710564
Train 104, loss: 1.817093, train acc: 0.784406, train avg acc: 0.704923
Test 104, loss: 1.789696, test acc: 0.783225, test avg acc: 0.717465
Train 105, loss: 1.831798, train acc: 0.777077, train avg acc: 0.700943
Test 105, loss: 1.763190, test acc: 0.785251, test avg acc: 0.722849
Train 106, loss: 1.823092, train acc: 0.777586, train avg acc: 0.700086
Test 106, loss: 1.755080, test acc: 0.786872, test avg acc: 0.718814
Train 107, loss: 1.805689, train acc: 0.785322, train avg acc: 0.702361
Test 107, loss: 1.750769, test acc: 0.795381, test avg acc: 0.736767
Train 108, loss: 1.807114, train acc: 0.786747, train avg acc: 0.708189
Test 108, loss: 1.778118, test acc: 0.776337, test avg acc: 0.701337
Train 109, loss: 1.801065, train acc: 0.788681, train avg acc: 0.708595
Test 109, loss: 1.745885, test acc: 0.784036, test avg acc: 0.707355
Train 110, loss: 1.795797, train acc: 0.790004, train avg acc: 0.713295
Test 110, loss: 1.778853, test acc: 0.787682, test avg acc: 0.731087
Train 111, loss: 1.802272, train acc: 0.791735, train avg acc: 0.716524
Test 111, loss: 1.774011, test acc: 0.789303, test avg acc: 0.734849
Train 112, loss: 1.799186, train acc: 0.790818, train avg acc: 0.714658
Test 112, loss: 1.739265, test acc: 0.796596, test avg acc: 0.747070
Train 113, loss: 1.796388, train acc: 0.789088, train avg acc: 0.712985
Test 113, loss: 1.759384, test acc: 0.777553, test avg acc: 0.720355
Train 114, loss: 1.806454, train acc: 0.785118, train avg acc: 0.707839
Test 114, loss: 1.720419, test acc: 0.807536, test avg acc: 0.749087
Train 115, loss: 1.782049, train acc: 0.795094, train avg acc: 0.724891
Test 115, loss: 1.830021, test acc: 0.758104, test avg acc: 0.693035
Train 116, loss: 1.799498, train acc: 0.791938, train avg acc: 0.716114
Test 116, loss: 1.765972, test acc: 0.784846, test avg acc: 0.728151
Train 117, loss: 1.791241, train acc: 0.793058, train avg acc: 0.719107
Test 117, loss: 1.707902, test acc: 0.819287, test avg acc: 0.756872
Train 118, loss: 1.786525, train acc: 0.792752, train avg acc: 0.718159
Test 118, loss: 1.719069, test acc: 0.811994, test avg acc: 0.745267
Train 119, loss: 1.775470, train acc: 0.801303, train avg acc: 0.732959
Test 119, loss: 1.783096, test acc: 0.782010, test avg acc: 0.745401
Train 120, loss: 1.779179, train acc: 0.797944, train avg acc: 0.725297
Test 120, loss: 1.790866, test acc: 0.783630, test avg acc: 0.714343
Train 121, loss: 1.774340, train acc: 0.802015, train avg acc: 0.729923
Test 121, loss: 1.764086, test acc: 0.797407, test avg acc: 0.754628
Train 122, loss: 1.770672, train acc: 0.802626, train avg acc: 0.726632
Test 122, loss: 1.761386, test acc: 0.784036, test avg acc: 0.734733
Train 123, loss: 1.779451, train acc: 0.797333, train avg acc: 0.726285
Test 123, loss: 1.732262, test acc: 0.801864, test avg acc: 0.726227
Train 124, loss: 1.771482, train acc: 0.804764, train avg acc: 0.736865
Test 124, loss: 1.787974, test acc: 0.776337, test avg acc: 0.728477
Train 125, loss: 1.765483, train acc: 0.803950, train avg acc: 0.733662
Test 125, loss: 1.739348, test acc: 0.798217, test avg acc: 0.733599
Train 126, loss: 1.764623, train acc: 0.804458, train avg acc: 0.735262
Test 126, loss: 1.717906, test acc: 0.811183, test avg acc: 0.748267
Train 127, loss: 1.754757, train acc: 0.810362, train avg acc: 0.739558
Test 127, loss: 1.745431, test acc: 0.789708, test avg acc: 0.730663
Train 128, loss: 1.764844, train acc: 0.803950, train avg acc: 0.732982
Test 128, loss: 1.704800, test acc: 0.803485, test avg acc: 0.739058
Train 129, loss: 1.745955, train acc: 0.815147, train avg acc: 0.746223
Test 129, loss: 1.702916, test acc: 0.811183, test avg acc: 0.748634
Train 130, loss: 1.751099, train acc: 0.811279, train avg acc: 0.741851
Test 130, loss: 1.705504, test acc: 0.809562, test avg acc: 0.724953
Train 131, loss: 1.749624, train acc: 0.807105, train avg acc: 0.741022
Test 131, loss: 1.697552, test acc: 0.815640, test avg acc: 0.749413
Train 132, loss: 1.739668, train acc: 0.814841, train avg acc: 0.747339
Test 132, loss: 1.695612, test acc: 0.810778, test avg acc: 0.748419
Train 133, loss: 1.738145, train acc: 0.820134, train avg acc: 0.750458
Test 133, loss: 1.700418, test acc: 0.814830, test avg acc: 0.750674
Train 134, loss: 1.751366, train acc: 0.809141, train avg acc: 0.744020
Test 134, loss: 1.718363, test acc: 0.806321, test avg acc: 0.752541
Train 135, loss: 1.740427, train acc: 0.818404, train avg acc: 0.752134
Test 135, loss: 1.716002, test acc: 0.807942, test avg acc: 0.748837
Train 136, loss: 1.735575, train acc: 0.815961, train avg acc: 0.748259
Test 136, loss: 1.719407, test acc: 0.810373, test avg acc: 0.743076
Train 137, loss: 1.736618, train acc: 0.816979, train avg acc: 0.744888
Test 137, loss: 1.718596, test acc: 0.805511, test avg acc: 0.744849
Train 138, loss: 1.732191, train acc: 0.820542, train avg acc: 0.752176
Test 138, loss: 1.693185, test acc: 0.814830, test avg acc: 0.757767
Train 139, loss: 1.724473, train acc: 0.826751, train avg acc: 0.760354
Test 139, loss: 1.686342, test acc: 0.820908, test avg acc: 0.762907
Train 140, loss: 1.716590, train acc: 0.825224, train avg acc: 0.757226
Test 140, loss: 1.687111, test acc: 0.817666, test avg acc: 0.770395
Train 141, loss: 1.723185, train acc: 0.818404, train avg acc: 0.750867
Test 141, loss: 1.676906, test acc: 0.824959, test avg acc: 0.758547
Train 142, loss: 1.719953, train acc: 0.819727, train avg acc: 0.750270
Test 142, loss: 1.714290, test acc: 0.806321, test avg acc: 0.749895
Train 143, loss: 1.711496, train acc: 0.828990, train avg acc: 0.763838
Test 143, loss: 1.684165, test acc: 0.823744, test avg acc: 0.764163
Train 144, loss: 1.708070, train acc: 0.829703, train avg acc: 0.763179
Test 144, loss: 1.732872, test acc: 0.801459, test avg acc: 0.753744
Train 145, loss: 1.718110, train acc: 0.825936, train avg acc: 0.759263
Test 145, loss: 1.720728, test acc: 0.809157, test avg acc: 0.741860
Train 146, loss: 1.707342, train acc: 0.829805, train avg acc: 0.767415
Test 146, loss: 1.679782, test acc: 0.822123, test avg acc: 0.768459
Train 147, loss: 1.720396, train acc: 0.822170, train avg acc: 0.760779
Test 147, loss: 1.707613, test acc: 0.802269, test avg acc: 0.748988
Train 148, loss: 1.695569, train acc: 0.837235, train avg acc: 0.773847
Test 148, loss: 1.669223, test acc: 0.824554, test avg acc: 0.762041
Train 149, loss: 1.700251, train acc: 0.832044, train avg acc: 0.769324
Test 149, loss: 1.655126, test acc: 0.836710, test avg acc: 0.786953
Train 150, loss: 1.700809, train acc: 0.831535, train avg acc: 0.767427
Test 150, loss: 1.671892, test acc: 0.820908, test avg acc: 0.766424
Train 151, loss: 1.701120, train acc: 0.832349, train avg acc: 0.768442
Test 151, loss: 1.693548, test acc: 0.816856, test avg acc: 0.761506
Train 152, loss: 1.692393, train acc: 0.835912, train avg acc: 0.770917
Test 152, loss: 1.663606, test acc: 0.825770, test avg acc: 0.767738
Train 153, loss: 1.684706, train acc: 0.838050, train avg acc: 0.779145
Test 153, loss: 1.679850, test acc: 0.824959, test avg acc: 0.771593
Train 154, loss: 1.686349, train acc: 0.838355, train avg acc: 0.772377
Test 154, loss: 1.697589, test acc: 0.805511, test avg acc: 0.751302
Train 155, loss: 1.684707, train acc: 0.836726, train avg acc: 0.773044
Test 155, loss: 1.672293, test acc: 0.826580, test avg acc: 0.768721
Train 156, loss: 1.684441, train acc: 0.835505, train avg acc: 0.773745
Test 156, loss: 1.672249, test acc: 0.824554, test avg acc: 0.782424
Train 157, loss: 1.677229, train acc: 0.844463, train avg acc: 0.782855
Test 157, loss: 1.672967, test acc: 0.829011, test avg acc: 0.779459
Train 158, loss: 1.666388, train acc: 0.848432, train avg acc: 0.789577
Test 158, loss: 1.650510, test acc: 0.837925, test avg acc: 0.778919
Train 159, loss: 1.674163, train acc: 0.844055, train avg acc: 0.785917
Test 159, loss: 1.658067, test acc: 0.833468, test avg acc: 0.779628
Train 160, loss: 1.668026, train acc: 0.845888, train avg acc: 0.792632
Test 160, loss: 1.640938, test acc: 0.838331, test avg acc: 0.782087
Train 161, loss: 1.668441, train acc: 0.847109, train avg acc: 0.787131
Test 161, loss: 1.657598, test acc: 0.832253, test avg acc: 0.787337
Train 162, loss: 1.652298, train acc: 0.854540, train avg acc: 0.797169
Test 162, loss: 1.666768, test acc: 0.826175, test avg acc: 0.776395
Train 163, loss: 1.653309, train acc: 0.854235, train avg acc: 0.799146
Test 163, loss: 1.657085, test acc: 0.838736, test avg acc: 0.784919
Train 164, loss: 1.659584, train acc: 0.851283, train avg acc: 0.797189
Test 164, loss: 1.641595, test acc: 0.830227, test avg acc: 0.778826
Train 165, loss: 1.656716, train acc: 0.852402, train avg acc: 0.799030
Test 165, loss: 1.659693, test acc: 0.823744, test avg acc: 0.768919
Train 166, loss: 1.653036, train acc: 0.854845, train avg acc: 0.797834
Test 166, loss: 1.653235, test acc: 0.833468, test avg acc: 0.769709
Train 167, loss: 1.646242, train acc: 0.853929, train avg acc: 0.796751
Test 167, loss: 1.637855, test acc: 0.838736, test avg acc: 0.782965
Train 168, loss: 1.636210, train acc: 0.862989, train avg acc: 0.806503
Test 168, loss: 1.632961, test acc: 0.839546, test avg acc: 0.782203
Train 169, loss: 1.641719, train acc: 0.859833, train avg acc: 0.805585
Test 169, loss: 1.637237, test acc: 0.836710, test avg acc: 0.792000
Train 170, loss: 1.634431, train acc: 0.860037, train avg acc: 0.804830
Test 170, loss: 1.646356, test acc: 0.832253, test avg acc: 0.777337
Train 171, loss: 1.631268, train acc: 0.866857, train avg acc: 0.817281
Test 171, loss: 1.662550, test acc: 0.831037, test avg acc: 0.773826
Train 172, loss: 1.633111, train acc: 0.861564, train avg acc: 0.806576
Test 172, loss: 1.640651, test acc: 0.841572, test avg acc: 0.785541
Train 173, loss: 1.626763, train acc: 0.862989, train avg acc: 0.805225
Test 173, loss: 1.627055, test acc: 0.842788, test avg acc: 0.790698
Train 174, loss: 1.628597, train acc: 0.864923, train avg acc: 0.812193
Test 174, loss: 1.647130, test acc: 0.829417, test avg acc: 0.777581
Train 175, loss: 1.615561, train acc: 0.867671, train avg acc: 0.818516
Test 175, loss: 1.665902, test acc: 0.832253, test avg acc: 0.788605
Train 176, loss: 1.608741, train acc: 0.872964, train avg acc: 0.819269
Test 176, loss: 1.621026, test acc: 0.848865, test avg acc: 0.798442
Train 177, loss: 1.611461, train acc: 0.874084, train avg acc: 0.820704
Test 177, loss: 1.624949, test acc: 0.853323, test avg acc: 0.808448
Train 178, loss: 1.609368, train acc: 0.869300, train avg acc: 0.819984
Test 178, loss: 1.646435, test acc: 0.833874, test avg acc: 0.778279
Train 179, loss: 1.612806, train acc: 0.870419, train avg acc: 0.817327
Test 179, loss: 1.640583, test acc: 0.832253, test avg acc: 0.786169
Train 180, loss: 1.611475, train acc: 0.869605, train avg acc: 0.815222
Test 180, loss: 1.646265, test acc: 0.833874, test avg acc: 0.781326
Train 181, loss: 1.615436, train acc: 0.864719, train avg acc: 0.810076
Test 181, loss: 1.622077, test acc: 0.844003, test avg acc: 0.798285
Train 182, loss: 1.609532, train acc: 0.871336, train avg acc: 0.824796
Test 182, loss: 1.656659, test acc: 0.832658, test avg acc: 0.787326
Train 183, loss: 1.601085, train acc: 0.873168, train avg acc: 0.821231
Test 183, loss: 1.618528, test acc: 0.848055, test avg acc: 0.803459
Train 184, loss: 1.607783, train acc: 0.870318, train avg acc: 0.818645
Test 184, loss: 1.624627, test acc: 0.833874, test avg acc: 0.794395
Train 185, loss: 1.595709, train acc: 0.878359, train avg acc: 0.831343
Test 185, loss: 1.617351, test acc: 0.844003, test avg acc: 0.793198
Train 186, loss: 1.597347, train acc: 0.876527, train avg acc: 0.828194
Test 186, loss: 1.639276, test acc: 0.833063, test avg acc: 0.783372
Train 187, loss: 1.582794, train acc: 0.883143, train avg acc: 0.833290
Test 187, loss: 1.621057, test acc: 0.850081, test avg acc: 0.799116
Train 188, loss: 1.587379, train acc: 0.881107, train avg acc: 0.833720
Test 188, loss: 1.603947, test acc: 0.854538, test avg acc: 0.798988
Train 189, loss: 1.591432, train acc: 0.877239, train avg acc: 0.828553
Test 189, loss: 1.627994, test acc: 0.842382, test avg acc: 0.791692
Train 190, loss: 1.585114, train acc: 0.880497, train avg acc: 0.832181
Test 190, loss: 1.616943, test acc: 0.843193, test avg acc: 0.790326
Train 191, loss: 1.584875, train acc: 0.879275, train avg acc: 0.828509
Test 191, loss: 1.622646, test acc: 0.844408, test avg acc: 0.800401
Train 192, loss: 1.578456, train acc: 0.886095, train avg acc: 0.842783
Test 192, loss: 1.620400, test acc: 0.843193, test avg acc: 0.798919
Train 193, loss: 1.572395, train acc: 0.886808, train avg acc: 0.841922
Test 193, loss: 1.635571, test acc: 0.837115, test avg acc: 0.790547
Train 194, loss: 1.576364, train acc: 0.885485, train avg acc: 0.838749
Test 194, loss: 1.619051, test acc: 0.844003, test avg acc: 0.796942
Train 195, loss: 1.567703, train acc: 0.887113, train avg acc: 0.840818
Test 195, loss: 1.626786, test acc: 0.839546, test avg acc: 0.805041
Train 196, loss: 1.562791, train acc: 0.891897, train avg acc: 0.850551
Test 196, loss: 1.616683, test acc: 0.845219, test avg acc: 0.807174
Train 197, loss: 1.566465, train acc: 0.887011, train avg acc: 0.840536
Test 197, loss: 1.589158, test acc: 0.858995, test avg acc: 0.815233
Train 198, loss: 1.558215, train acc: 0.892508, train avg acc: 0.850441
Test 198, loss: 1.601099, test acc: 0.845624, test avg acc: 0.800488
Train 199, loss: 1.555648, train acc: 0.893933, train avg acc: 0.852612
Test 199, loss: 1.594096, test acc: 0.853323, test avg acc: 0.807360
Train 200, loss: 1.552683, train acc: 0.896783, train avg acc: 0.849433
Test 200, loss: 1.600373, test acc: 0.852107, test avg acc: 0.807320
Train 201, loss: 1.553966, train acc: 0.895765, train avg acc: 0.852571
Test 201, loss: 1.620549, test acc: 0.835494, test avg acc: 0.784738
Train 202, loss: 1.552713, train acc: 0.895765, train avg acc: 0.854570
Test 202, loss: 1.594122, test acc: 0.854133, test avg acc: 0.809029
Train 203, loss: 1.548969, train acc: 0.896682, train avg acc: 0.857251
Test 203, loss: 1.598889, test acc: 0.848055, test avg acc: 0.797070
Train 204, loss: 1.544283, train acc: 0.900346, train avg acc: 0.858834
Test 204, loss: 1.593301, test acc: 0.853728, test avg acc: 0.803860
Train 205, loss: 1.540996, train acc: 0.900143, train avg acc: 0.859126
Test 205, loss: 1.593183, test acc: 0.854133, test avg acc: 0.803669
Train 206, loss: 1.536537, train acc: 0.904723, train avg acc: 0.865233
Test 206, loss: 1.597552, test acc: 0.853728, test avg acc: 0.818203
Train 207, loss: 1.534766, train acc: 0.903196, train avg acc: 0.864092
Test 207, loss: 1.595591, test acc: 0.853728, test avg acc: 0.805570
Train 208, loss: 1.534865, train acc: 0.903705, train avg acc: 0.862267
Test 208, loss: 1.591023, test acc: 0.855754, test avg acc: 0.805035
Train 209, loss: 1.535852, train acc: 0.903196, train avg acc: 0.861651
Test 209, loss: 1.602921, test acc: 0.845624, test avg acc: 0.801203
Train 210, loss: 1.521736, train acc: 0.909100, train avg acc: 0.870799
Test 210, loss: 1.592465, test acc: 0.852512, test avg acc: 0.806610
Train 211, loss: 1.530218, train acc: 0.905945, train avg acc: 0.865356
Test 211, loss: 1.597384, test acc: 0.851297, test avg acc: 0.805233
Train 212, loss: 1.529637, train acc: 0.905945, train avg acc: 0.867262
Test 212, loss: 1.600004, test acc: 0.850891, test avg acc: 0.806488
Train 213, loss: 1.526330, train acc: 0.908693, train avg acc: 0.873540
Test 213, loss: 1.583945, test acc: 0.858185, test avg acc: 0.818070
Train 214, loss: 1.523405, train acc: 0.911034, train avg acc: 0.870972
Test 214, loss: 1.592325, test acc: 0.855754, test avg acc: 0.807948
Train 215, loss: 1.521918, train acc: 0.907166, train avg acc: 0.868910
Test 215, loss: 1.601832, test acc: 0.844408, test avg acc: 0.801744
Train 216, loss: 1.513516, train acc: 0.913783, train avg acc: 0.877402
Test 216, loss: 1.585770, test acc: 0.855754, test avg acc: 0.813151
Train 217, loss: 1.513442, train acc: 0.914393, train avg acc: 0.875334
Test 217, loss: 1.592639, test acc: 0.849271, test avg acc: 0.802407
Train 218, loss: 1.512995, train acc: 0.914902, train avg acc: 0.874116
Test 218, loss: 1.599455, test acc: 0.849271, test avg acc: 0.813128
Train 219, loss: 1.511072, train acc: 0.913579, train avg acc: 0.876478
Test 219, loss: 1.591598, test acc: 0.860616, test avg acc: 0.814273
Train 220, loss: 1.509312, train acc: 0.914902, train avg acc: 0.880864
Test 220, loss: 1.587407, test acc: 0.853323, test avg acc: 0.808826
Train 221, loss: 1.511009, train acc: 0.912765, train avg acc: 0.879089
Test 221, loss: 1.588865, test acc: 0.854133, test avg acc: 0.812198
Train 222, loss: 1.500731, train acc: 0.919279, train avg acc: 0.882812
Test 222, loss: 1.591202, test acc: 0.850486, test avg acc: 0.809238
Train 223, loss: 1.503780, train acc: 0.917345, train avg acc: 0.882360
Test 223, loss: 1.597595, test acc: 0.848865, test avg acc: 0.798988
Train 224, loss: 1.503200, train acc: 0.919585, train avg acc: 0.887234
Test 224, loss: 1.595271, test acc: 0.857374, test avg acc: 0.816570
Train 225, loss: 1.500058, train acc: 0.917549, train avg acc: 0.882384
Test 225, loss: 1.589146, test acc: 0.850081, test avg acc: 0.802866
Train 226, loss: 1.501256, train acc: 0.918465, train avg acc: 0.884672
Test 226, loss: 1.595313, test acc: 0.850891, test avg acc: 0.809907
Train 227, loss: 1.497455, train acc: 0.922842, train avg acc: 0.887553
Test 227, loss: 1.598865, test acc: 0.851297, test avg acc: 0.809494
Train 228, loss: 1.496332, train acc: 0.919279, train avg acc: 0.884587
Test 228, loss: 1.571926, test acc: 0.858185, test avg acc: 0.812035
Train 229, loss: 1.498037, train acc: 0.919076, train avg acc: 0.884283
Test 229, loss: 1.585280, test acc: 0.850891, test avg acc: 0.805366
Train 230, loss: 1.496037, train acc: 0.921213, train avg acc: 0.887435
Test 230, loss: 1.593211, test acc: 0.850891, test avg acc: 0.809698
Train 231, loss: 1.492627, train acc: 0.923962, train avg acc: 0.891256
Test 231, loss: 1.591468, test acc: 0.853323, test avg acc: 0.809994
Train 232, loss: 1.493488, train acc: 0.920704, train avg acc: 0.886464
Test 232, loss: 1.588019, test acc: 0.855348, test avg acc: 0.817407
Train 233, loss: 1.493071, train acc: 0.922537, train avg acc: 0.886400
Test 233, loss: 1.591600, test acc: 0.851297, test avg acc: 0.806576
Train 234, loss: 1.488740, train acc: 0.924674, train avg acc: 0.892532
Test 234, loss: 1.575162, test acc: 0.860616, test avg acc: 0.817948
Train 235, loss: 1.483366, train acc: 0.927932, train avg acc: 0.893947
Test 235, loss: 1.593892, test acc: 0.853728, test avg acc: 0.812610
Train 236, loss: 1.487382, train acc: 0.924878, train avg acc: 0.892810
Test 236, loss: 1.580545, test acc: 0.855754, test avg acc: 0.816576
Train 237, loss: 1.489586, train acc: 0.923555, train avg acc: 0.889609
Test 237, loss: 1.577243, test acc: 0.856159, test avg acc: 0.811116
Train 238, loss: 1.485340, train acc: 0.927117, train avg acc: 0.893348
Test 238, loss: 1.577781, test acc: 0.856969, test avg acc: 0.813331
Train 239, loss: 1.484365, train acc: 0.925081, train avg acc: 0.891659
Test 239, loss: 1.575023, test acc: 0.856969, test avg acc: 0.813576
Train 240, loss: 1.489401, train acc: 0.923046, train avg acc: 0.890855
Test 240, loss: 1.585199, test acc: 0.855348, test avg acc: 0.815744
Train 241, loss: 1.483545, train acc: 0.928644, train avg acc: 0.896495
Test 241, loss: 1.571307, test acc: 0.864668, test avg acc: 0.823698
Train 242, loss: 1.483575, train acc: 0.929051, train avg acc: 0.899750
Test 242, loss: 1.575828, test acc: 0.854943, test avg acc: 0.813372
Train 243, loss: 1.480034, train acc: 0.928542, train avg acc: 0.897828
Test 243, loss: 1.570835, test acc: 0.862237, test avg acc: 0.813948
Train 244, loss: 1.483594, train acc: 0.928950, train avg acc: 0.896542
Test 244, loss: 1.574561, test acc: 0.858185, test avg acc: 0.815448
Train 245, loss: 1.482007, train acc: 0.926405, train avg acc: 0.894896
Test 245, loss: 1.575435, test acc: 0.863857, test avg acc: 0.822110
Train 246, loss: 1.483925, train acc: 0.928033, train avg acc: 0.894052
Test 246, loss: 1.580977, test acc: 0.859806, test avg acc: 0.817070
Train 247, loss: 1.480903, train acc: 0.927423, train avg acc: 0.896064
Test 247, loss: 1.589267, test acc: 0.852512, test avg acc: 0.811581
Train 248, loss: 1.482741, train acc: 0.927117, train avg acc: 0.897933
Test 248, loss: 1.572046, test acc: 0.857374, test avg acc: 0.813326
Train 249, loss: 1.476341, train acc: 0.929255, train avg acc: 0.899116
Test 249, loss: 1.578423, test acc: 0.855754, test avg acc: 0.809860
