Namespace(cfg_file='config/extractor/train_extractor_pointnet.yml', use_sgd=True, no_cuda=False, eval=False, model_path=None)
Using GPU : 0 from 2 devices
PointNet(
  (conv1): Conv1d(3, 64, kernel_size=(1,), stride=(1,), bias=False)
  (conv2): Conv1d(64, 64, kernel_size=(1,), stride=(1,), bias=False)
  (conv3): Conv1d(64, 64, kernel_size=(1,), stride=(1,), bias=False)
  (conv4): Conv1d(64, 128, kernel_size=(1,), stride=(1,), bias=False)
  (conv5): Conv1d(128, 1024, kernel_size=(1,), stride=(1,), bias=False)
  (bn1): BatchNorm1d(64, eps=1e-05, momentum=0.1, affine=True, track_running_stats=True)
  (bn2): BatchNorm1d(64, eps=1e-05, momentum=0.1, affine=True, track_running_stats=True)
  (bn3): BatchNorm1d(64, eps=1e-05, momentum=0.1, affine=True, track_running_stats=True)
  (bn4): BatchNorm1d(128, eps=1e-05, momentum=0.1, affine=True, track_running_stats=True)
  (bn5): BatchNorm1d(1024, eps=1e-05, momentum=0.1, affine=True, track_running_stats=True)
  (linear1): Linear(in_features=1024, out_features=512, bias=False)
  (bn6): BatchNorm1d(512, eps=1e-05, momentum=0.1, affine=True, track_running_stats=True)
  (dp1): Dropout(p=0.5, inplace=False)
  (linear2): Linear(in_features=512, out_features=256, bias=True)
  (bn7): BatchNorm1d(256, eps=1e-05, momentum=0.1, affine=True, track_running_stats=True)
  (dp2): Dropout(p=0.5, inplace=False)
  (linearf): Linear(in_features=256, out_features=40, bias=True)
)
NUMBER OF TRAINABLE PARAMS: 817768
SGD (
Parameter Group 0
    dampening: 0
    differentiable: False
    foreach: None
    initial_lr: 0.1
    lr: 0.1
    maximize: False
    momentum: 0.9
    nesterov: False
    weight_decay: 0.0001
)
Train 0, loss: 3.639866, train acc: 0.095175, train avg acc: 0.040037
Test 0, loss: 3.396529, test acc: 0.119125, test avg acc: 0.073500
Train 1, loss: 3.397688, train acc: 0.138233, train avg acc: 0.059170
Test 1, loss: 3.295429, test acc: 0.176256, test avg acc: 0.108750
Train 2, loss: 3.318891, train acc: 0.166226, train avg acc: 0.075461
Test 2, loss: 3.228495, test acc: 0.209887, test avg acc: 0.129500
Train 3, loss: 3.275577, train acc: 0.189434, train avg acc: 0.086986
Test 3, loss: 3.197926, test acc: 0.200567, test avg acc: 0.123750
Train 4, loss: 3.237653, train acc: 0.195440, train avg acc: 0.088654
Test 4, loss: 3.102136, test acc: 0.194084, test avg acc: 0.119750
Train 5, loss: 3.206623, train acc: 0.207349, train avg acc: 0.099465
Test 5, loss: 3.062332, test acc: 0.216775, test avg acc: 0.135750
Train 6, loss: 3.177143, train acc: 0.215798, train avg acc: 0.104120
Test 6, loss: 2.976166, test acc: 0.243517, test avg acc: 0.154250
Train 7, loss: 3.159232, train acc: 0.223840, train avg acc: 0.109245
Test 7, loss: 3.070638, test acc: 0.245948, test avg acc: 0.154750
Train 8, loss: 3.149892, train acc: 0.226486, train avg acc: 0.111104
Test 8, loss: 3.109199, test acc: 0.182334, test avg acc: 0.114826
Train 9, loss: 3.147207, train acc: 0.228522, train avg acc: 0.111539
Test 9, loss: 3.001143, test acc: 0.235008, test avg acc: 0.145000
Train 10, loss: 3.129521, train acc: 0.234324, train avg acc: 0.115413
Test 10, loss: 3.055118, test acc: 0.218801, test avg acc: 0.136081
Train 11, loss: 3.125915, train acc: 0.234935, train avg acc: 0.113313
Test 11, loss: 2.992794, test acc: 0.237439, test avg acc: 0.156640
Train 12, loss: 3.117540, train acc: 0.241450, train avg acc: 0.118915
Test 12, loss: 2.982879, test acc: 0.232982, test avg acc: 0.145750
Train 13, loss: 3.106697, train acc: 0.236564, train avg acc: 0.118588
Test 13, loss: 2.943404, test acc: 0.268639, test avg acc: 0.176750
Train 14, loss: 3.113289, train acc: 0.242366, train avg acc: 0.118928
Test 14, loss: 3.006442, test acc: 0.188412, test avg acc: 0.124372
Train 15, loss: 3.094225, train acc: 0.244401, train avg acc: 0.124922
Test 15, loss: 3.011367, test acc: 0.254052, test avg acc: 0.163750
Train 16, loss: 3.105839, train acc: 0.239719, train avg acc: 0.119505
Test 16, loss: 2.944322, test acc: 0.249595, test avg acc: 0.169500
Train 17, loss: 3.100560, train acc: 0.242976, train avg acc: 0.119569
Test 17, loss: 2.937755, test acc: 0.301864, test avg acc: 0.211285
Train 18, loss: 3.089351, train acc: 0.248066, train avg acc: 0.126736
Test 18, loss: 2.985032, test acc: 0.230551, test avg acc: 0.155942
Train 19, loss: 3.088535, train acc: 0.245216, train avg acc: 0.124281
Test 19, loss: 3.000669, test acc: 0.224878, test avg acc: 0.150541
Train 20, loss: 3.089464, train acc: 0.245318, train avg acc: 0.125836
Test 20, loss: 2.920321, test acc: 0.260940, test avg acc: 0.161895
Train 21, loss: 3.075115, train acc: 0.256209, train avg acc: 0.128411
Test 21, loss: 2.954588, test acc: 0.256483, test avg acc: 0.167250
Train 22, loss: 3.071164, train acc: 0.255090, train avg acc: 0.128147
Test 22, loss: 2.927528, test acc: 0.267018, test avg acc: 0.179692
Train 23, loss: 3.068059, train acc: 0.256209, train avg acc: 0.130998
Test 23, loss: 2.902475, test acc: 0.287682, test avg acc: 0.186500
Train 24, loss: 3.071192, train acc: 0.257533, train avg acc: 0.129670
Test 24, loss: 2.919912, test acc: 0.303485, test avg acc: 0.220430
Train 25, loss: 3.075631, train acc: 0.253156, train avg acc: 0.129923
Test 25, loss: 2.966883, test acc: 0.250810, test avg acc: 0.177320
Train 26, loss: 3.073088, train acc: 0.259874, train avg acc: 0.133124
Test 26, loss: 2.889169, test acc: 0.267828, test avg acc: 0.172500
Train 27, loss: 3.064733, train acc: 0.264047, train avg acc: 0.136511
Test 27, loss: 2.929753, test acc: 0.254052, test avg acc: 0.173913
Train 28, loss: 3.069332, train acc: 0.251018, train avg acc: 0.127763
Test 28, loss: 2.990459, test acc: 0.254457, test avg acc: 0.165000
Train 29, loss: 3.068144, train acc: 0.258550, train avg acc: 0.131063
Test 29, loss: 3.075546, test acc: 0.200972, test avg acc: 0.126041
Train 30, loss: 3.066690, train acc: 0.254988, train avg acc: 0.130714
Test 30, loss: 2.926926, test acc: 0.279173, test avg acc: 0.195494
Train 31, loss: 3.059133, train acc: 0.258347, train avg acc: 0.134096
Test 31, loss: 3.060730, test acc: 0.221637, test avg acc: 0.159953
Train 32, loss: 3.059799, train acc: 0.260077, train avg acc: 0.133564
Test 32, loss: 2.971128, test acc: 0.253241, test avg acc: 0.184250
Train 33, loss: 3.063775, train acc: 0.258550, train avg acc: 0.133855
Test 33, loss: 2.934776, test acc: 0.273906, test avg acc: 0.180907
Train 34, loss: 3.046229, train acc: 0.266897, train avg acc: 0.139444
Test 34, loss: 2.914212, test acc: 0.279173, test avg acc: 0.195198
Train 35, loss: 3.057415, train acc: 0.262622, train avg acc: 0.135460
Test 35, loss: 2.882201, test acc: 0.301459, test avg acc: 0.202610
Train 36, loss: 3.054763, train acc: 0.260383, train avg acc: 0.131839
Test 36, loss: 2.945476, test acc: 0.237844, test avg acc: 0.160000
Train 37, loss: 3.059608, train acc: 0.258449, train avg acc: 0.134601
Test 37, loss: 2.901595, test acc: 0.261345, test avg acc: 0.162453
Train 38, loss: 3.051267, train acc: 0.260281, train avg acc: 0.133127
Test 38, loss: 2.900999, test acc: 0.265397, test avg acc: 0.185953
Train 39, loss: 3.050143, train acc: 0.265269, train avg acc: 0.140304
Test 39, loss: 2.910154, test acc: 0.247164, test avg acc: 0.153802
Train 40, loss: 3.045001, train acc: 0.262113, train avg acc: 0.132816
Test 40, loss: 2.900970, test acc: 0.262561, test avg acc: 0.173262
Train 41, loss: 3.054356, train acc: 0.261502, train avg acc: 0.135813
Test 41, loss: 2.958736, test acc: 0.237034, test avg acc: 0.167250
Train 42, loss: 3.050578, train acc: 0.262113, train avg acc: 0.134346
Test 42, loss: 2.944610, test acc: 0.274311, test avg acc: 0.180250
Train 43, loss: 3.053101, train acc: 0.264353, train avg acc: 0.138392
Test 43, loss: 3.025017, test acc: 0.255673, test avg acc: 0.173750
Train 44, loss: 3.047539, train acc: 0.263436, train avg acc: 0.133096
Test 44, loss: 2.953871, test acc: 0.245948, test avg acc: 0.158076
Train 45, loss: 3.049579, train acc: 0.260077, train avg acc: 0.132120
Test 45, loss: 2.961403, test acc: 0.264587, test avg acc: 0.177250
Train 46, loss: 3.045119, train acc: 0.267610, train avg acc: 0.136387
Test 46, loss: 2.956195, test acc: 0.286872, test avg acc: 0.192529
Train 47, loss: 3.036109, train acc: 0.271987, train avg acc: 0.142719
Test 47, loss: 2.931847, test acc: 0.269044, test avg acc: 0.187250
Train 48, loss: 3.033902, train acc: 0.270969, train avg acc: 0.140149
Test 48, loss: 2.914098, test acc: 0.266207, test avg acc: 0.183715
Train 49, loss: 3.042390, train acc: 0.266083, train avg acc: 0.136000
Test 49, loss: 2.912129, test acc: 0.297812, test avg acc: 0.209012
Train 50, loss: 3.034569, train acc: 0.266796, train avg acc: 0.137708
Test 50, loss: 2.873870, test acc: 0.269449, test avg acc: 0.187250
Train 51, loss: 3.049519, train acc: 0.266388, train avg acc: 0.140055
Test 51, loss: 2.898841, test acc: 0.294976, test avg acc: 0.201244
Train 52, loss: 3.024000, train acc: 0.273412, train avg acc: 0.142634
Test 52, loss: 2.961951, test acc: 0.256078, test avg acc: 0.162000
Train 53, loss: 3.027479, train acc: 0.271682, train avg acc: 0.138464
Test 53, loss: 2.958052, test acc: 0.243112, test avg acc: 0.160000
Train 54, loss: 3.028847, train acc: 0.269544, train avg acc: 0.138385
Test 54, loss: 2.947553, test acc: 0.271070, test avg acc: 0.176250
Train 55, loss: 3.036709, train acc: 0.269748, train avg acc: 0.140242
Test 55, loss: 2.933639, test acc: 0.289303, test avg acc: 0.199738
Train 56, loss: 3.025699, train acc: 0.271376, train avg acc: 0.140315
Test 56, loss: 2.853614, test acc: 0.340762, test avg acc: 0.230331
Train 57, loss: 3.030718, train acc: 0.274023, train avg acc: 0.141971
Test 57, loss: 2.940195, test acc: 0.277147, test avg acc: 0.193820
Train 58, loss: 3.019220, train acc: 0.272700, train avg acc: 0.137988
Test 58, loss: 2.876011, test acc: 0.315235, test avg acc: 0.218663
Train 59, loss: 3.029485, train acc: 0.267610, train avg acc: 0.136229
Test 59, loss: 2.935806, test acc: 0.293760, test avg acc: 0.191000
Train 60, loss: 3.023746, train acc: 0.279316, train avg acc: 0.145253
Test 60, loss: 2.998960, test acc: 0.249595, test avg acc: 0.179000
Train 61, loss: 3.027673, train acc: 0.271580, train avg acc: 0.143219
Test 61, loss: 3.086630, test acc: 0.222447, test avg acc: 0.139250
Train 62, loss: 3.023773, train acc: 0.273107, train avg acc: 0.142899
Test 62, loss: 2.900719, test acc: 0.250810, test avg acc: 0.165442
Train 63, loss: 3.024405, train acc: 0.272598, train avg acc: 0.140208
Test 63, loss: 2.990051, test acc: 0.256483, test avg acc: 0.177291
Train 64, loss: 3.022312, train acc: 0.275041, train avg acc: 0.142291
Test 64, loss: 2.928548, test acc: 0.263371, test avg acc: 0.168541
Train 65, loss: 3.012930, train acc: 0.276262, train avg acc: 0.141797
Test 65, loss: 2.886356, test acc: 0.285251, test avg acc: 0.196203
Train 66, loss: 3.022341, train acc: 0.279011, train avg acc: 0.145527
Test 66, loss: 2.858580, test acc: 0.294571, test avg acc: 0.201035
Train 67, loss: 3.024777, train acc: 0.270664, train avg acc: 0.140596
Test 67, loss: 3.056487, test acc: 0.224878, test avg acc: 0.161750
Train 68, loss: 3.023896, train acc: 0.272496, train avg acc: 0.140445
Test 68, loss: 2.935066, test acc: 0.266613, test avg acc: 0.174802
Train 69, loss: 3.018042, train acc: 0.274023, train avg acc: 0.145101
Test 69, loss: 2.898392, test acc: 0.273501, test avg acc: 0.186250
Train 70, loss: 3.023390, train acc: 0.271783, train avg acc: 0.143044
Test 70, loss: 2.893220, test acc: 0.272285, test avg acc: 0.201390
Train 71, loss: 3.008577, train acc: 0.278705, train avg acc: 0.147370
Test 71, loss: 2.867951, test acc: 0.320502, test avg acc: 0.229831
Train 72, loss: 3.007319, train acc: 0.280334, train avg acc: 0.147055
Test 72, loss: 2.836194, test acc: 0.311183, test avg acc: 0.210703
Train 73, loss: 3.017092, train acc: 0.276262, train avg acc: 0.145786
Test 73, loss: 3.011825, test acc: 0.285251, test avg acc: 0.200448
Train 74, loss: 3.004140, train acc: 0.273819, train avg acc: 0.142808
Test 74, loss: 2.944105, test acc: 0.275527, test avg acc: 0.206000
Train 75, loss: 3.008233, train acc: 0.277891, train avg acc: 0.144705
Test 75, loss: 2.938706, test acc: 0.255267, test avg acc: 0.162500
Train 76, loss: 3.006632, train acc: 0.275041, train avg acc: 0.142217
Test 76, loss: 2.872169, test acc: 0.282415, test avg acc: 0.190494
Train 77, loss: 3.000914, train acc: 0.282268, train avg acc: 0.148573
Test 77, loss: 2.844980, test acc: 0.335089, test avg acc: 0.227256
Train 78, loss: 2.992079, train acc: 0.282268, train avg acc: 0.148937
Test 78, loss: 2.868382, test acc: 0.293760, test avg acc: 0.200041
Train 79, loss: 2.991283, train acc: 0.285322, train avg acc: 0.150208
Test 79, loss: 2.850815, test acc: 0.329011, test avg acc: 0.217279
Train 80, loss: 2.999491, train acc: 0.284100, train avg acc: 0.150307
Test 80, loss: 2.879514, test acc: 0.303485, test avg acc: 0.233291
Train 81, loss: 2.992194, train acc: 0.284711, train avg acc: 0.149844
Test 81, loss: 2.819401, test acc: 0.303079, test avg acc: 0.226250
Train 82, loss: 2.994284, train acc: 0.288579, train avg acc: 0.157607
Test 82, loss: 2.812359, test acc: 0.297407, test avg acc: 0.213703
Train 83, loss: 2.979160, train acc: 0.289292, train avg acc: 0.159273
Test 83, loss: 2.822153, test acc: 0.302269, test avg acc: 0.232360
Train 84, loss: 2.994884, train acc: 0.286645, train avg acc: 0.153206
Test 84, loss: 2.828058, test acc: 0.274311, test avg acc: 0.210634
Train 85, loss: 2.971107, train acc: 0.294686, train avg acc: 0.156159
Test 85, loss: 3.052874, test acc: 0.204214, test avg acc: 0.136000
Train 86, loss: 2.975504, train acc: 0.290411, train avg acc: 0.159648
Test 86, loss: 2.810199, test acc: 0.317666, test avg acc: 0.219366
Train 87, loss: 2.972435, train acc: 0.297537, train avg acc: 0.162123
Test 87, loss: 2.820281, test acc: 0.319287, test avg acc: 0.215866
Train 88, loss: 2.982995, train acc: 0.286645, train avg acc: 0.154712
Test 88, loss: 2.873117, test acc: 0.308347, test avg acc: 0.243901
Train 89, loss: 2.973975, train acc: 0.286136, train avg acc: 0.157841
Test 89, loss: 2.822511, test acc: 0.326175, test avg acc: 0.252331
Train 90, loss: 2.981085, train acc: 0.289495, train avg acc: 0.154559
Test 90, loss: 2.857391, test acc: 0.275527, test avg acc: 0.202576
Train 91, loss: 2.963883, train acc: 0.296112, train avg acc: 0.163192
Test 91, loss: 2.823985, test acc: 0.321718, test avg acc: 0.259163
Train 92, loss: 2.969822, train acc: 0.291327, train avg acc: 0.157830
Test 92, loss: 2.833054, test acc: 0.345624, test avg acc: 0.270209
Train 93, loss: 2.963331, train acc: 0.297129, train avg acc: 0.161518
Test 93, loss: 2.826222, test acc: 0.325365, test avg acc: 0.237169
Train 94, loss: 2.969832, train acc: 0.292752, train avg acc: 0.158172
Test 94, loss: 2.796163, test acc: 0.334279, test avg acc: 0.230581
Train 95, loss: 2.966923, train acc: 0.292651, train avg acc: 0.159321
Test 95, loss: 2.866793, test acc: 0.295381, test avg acc: 0.206041
Train 96, loss: 2.938661, train acc: 0.303848, train avg acc: 0.166060
Test 96, loss: 2.832403, test acc: 0.296596, test avg acc: 0.204244
Train 97, loss: 2.959012, train acc: 0.292854, train avg acc: 0.160416
Test 97, loss: 2.777640, test acc: 0.330632, test avg acc: 0.239994
Train 98, loss: 2.957657, train acc: 0.296010, train avg acc: 0.163791
Test 98, loss: 2.781190, test acc: 0.335089, test avg acc: 0.255163
Train 99, loss: 2.951502, train acc: 0.295297, train avg acc: 0.163704
Test 99, loss: 2.850827, test acc: 0.289708, test avg acc: 0.211901
Train 100, loss: 2.946667, train acc: 0.299471, train avg acc: 0.164784
Test 100, loss: 2.827045, test acc: 0.332253, test avg acc: 0.224831
Train 101, loss: 2.943403, train acc: 0.309548, train avg acc: 0.175551
Test 101, loss: 2.778444, test acc: 0.350081, test avg acc: 0.258930
Train 102, loss: 2.961532, train acc: 0.297028, train avg acc: 0.166934
Test 102, loss: 2.858465, test acc: 0.334684, test avg acc: 0.244151
Train 103, loss: 2.953357, train acc: 0.298962, train avg acc: 0.164543
Test 103, loss: 2.827046, test acc: 0.312399, test avg acc: 0.217767
Train 104, loss: 2.951963, train acc: 0.297638, train avg acc: 0.163222
Test 104, loss: 2.900585, test acc: 0.256483, test avg acc: 0.172616
Train 105, loss: 2.944961, train acc: 0.307716, train avg acc: 0.173553
Test 105, loss: 2.946826, test acc: 0.308347, test avg acc: 0.233331
Train 106, loss: 2.949430, train acc: 0.300387, train avg acc: 0.166321
Test 106, loss: 2.803439, test acc: 0.321718, test avg acc: 0.247860
Train 107, loss: 2.938624, train acc: 0.301812, train avg acc: 0.165532
Test 107, loss: 2.898904, test acc: 0.286467, test avg acc: 0.194238
Train 108, loss: 2.931192, train acc: 0.310770, train avg acc: 0.178746
Test 108, loss: 2.832636, test acc: 0.297002, test avg acc: 0.195913
Train 109, loss: 2.935566, train acc: 0.301303, train avg acc: 0.169127
Test 109, loss: 2.726284, test acc: 0.348055, test avg acc: 0.270773
Train 110, loss: 2.930993, train acc: 0.310668, train avg acc: 0.174223
Test 110, loss: 2.865246, test acc: 0.316856, test avg acc: 0.213029
Train 111, loss: 2.930409, train acc: 0.310668, train avg acc: 0.183420
Test 111, loss: 2.832011, test acc: 0.331037, test avg acc: 0.242634
Train 112, loss: 2.933643, train acc: 0.303339, train avg acc: 0.170338
Test 112, loss: 2.837758, test acc: 0.336305, test avg acc: 0.250209
Train 113, loss: 2.933379, train acc: 0.306800, train avg acc: 0.175149
Test 113, loss: 2.912148, test acc: 0.264587, test avg acc: 0.176785
Train 114, loss: 2.924931, train acc: 0.307105, train avg acc: 0.168804
Test 114, loss: 2.870999, test acc: 0.294976, test avg acc: 0.203285
Train 115, loss: 2.932316, train acc: 0.308021, train avg acc: 0.179619
Test 115, loss: 2.743223, test acc: 0.378039, test avg acc: 0.293657
Train 116, loss: 2.919270, train acc: 0.311584, train avg acc: 0.179480
Test 116, loss: 2.780889, test acc: 0.332253, test avg acc: 0.255872
Train 117, loss: 2.923869, train acc: 0.301507, train avg acc: 0.168821
Test 117, loss: 2.767808, test acc: 0.353323, test avg acc: 0.273180
Train 118, loss: 2.913334, train acc: 0.309752, train avg acc: 0.176358
Test 118, loss: 2.847897, test acc: 0.283225, test avg acc: 0.199238
Train 119, loss: 2.918588, train acc: 0.307309, train avg acc: 0.178493
Test 119, loss: 2.765573, test acc: 0.394246, test avg acc: 0.291140
Train 120, loss: 2.920660, train acc: 0.308123, train avg acc: 0.173998
Test 120, loss: 2.772734, test acc: 0.375203, test avg acc: 0.272547
Train 121, loss: 2.916265, train acc: 0.314129, train avg acc: 0.180496
Test 121, loss: 2.800779, test acc: 0.344408, test avg acc: 0.248355
Train 122, loss: 2.912728, train acc: 0.316063, train avg acc: 0.185031
Test 122, loss: 2.776011, test acc: 0.306726, test avg acc: 0.239233
Train 123, loss: 2.903814, train acc: 0.321967, train avg acc: 0.184800
Test 123, loss: 2.771505, test acc: 0.338736, test avg acc: 0.249140
Train 124, loss: 2.912878, train acc: 0.318200, train avg acc: 0.183158
Test 124, loss: 2.789603, test acc: 0.370340, test avg acc: 0.274320
Train 125, loss: 2.907882, train acc: 0.317488, train avg acc: 0.185470
Test 125, loss: 2.747744, test acc: 0.355348, test avg acc: 0.265227
Train 126, loss: 2.903459, train acc: 0.318404, train avg acc: 0.184009
Test 126, loss: 2.868135, test acc: 0.307536, test avg acc: 0.218320
Train 127, loss: 2.900708, train acc: 0.318200, train avg acc: 0.184431
Test 127, loss: 2.771040, test acc: 0.320502, test avg acc: 0.248459
Train 128, loss: 2.901657, train acc: 0.316470, train avg acc: 0.181971
Test 128, loss: 2.775618, test acc: 0.354133, test avg acc: 0.281372
Train 129, loss: 2.899220, train acc: 0.317590, train avg acc: 0.181546
Test 129, loss: 2.790646, test acc: 0.329417, test avg acc: 0.246552
Train 130, loss: 2.897304, train acc: 0.321254, train avg acc: 0.188635
Test 130, loss: 2.838317, test acc: 0.322123, test avg acc: 0.221012
Train 131, loss: 2.899139, train acc: 0.318607, train avg acc: 0.187047
Test 131, loss: 2.752524, test acc: 0.342382, test avg acc: 0.264674
Train 132, loss: 2.901424, train acc: 0.317284, train avg acc: 0.185988
Test 132, loss: 2.694887, test acc: 0.365073, test avg acc: 0.284930
Train 133, loss: 2.888890, train acc: 0.323697, train avg acc: 0.190933
Test 133, loss: 2.740935, test acc: 0.362237, test avg acc: 0.284267
Train 134, loss: 2.889103, train acc: 0.319931, train avg acc: 0.185442
Test 134, loss: 2.738780, test acc: 0.349271, test avg acc: 0.268122
Train 135, loss: 2.884474, train acc: 0.322272, train avg acc: 0.192437
Test 135, loss: 2.758763, test acc: 0.348055, test avg acc: 0.272657
Train 136, loss: 2.884526, train acc: 0.323392, train avg acc: 0.188797
Test 136, loss: 2.859742, test acc: 0.304295, test avg acc: 0.235808
Train 137, loss: 2.887296, train acc: 0.322883, train avg acc: 0.185745
Test 137, loss: 2.757873, test acc: 0.349676, test avg acc: 0.253860
Train 138, loss: 2.873483, train acc: 0.329499, train avg acc: 0.198790
Test 138, loss: 2.704783, test acc: 0.380065, test avg acc: 0.305709
Train 139, loss: 2.877856, train acc: 0.329194, train avg acc: 0.197855
Test 139, loss: 2.814153, test acc: 0.327391, test avg acc: 0.257907
Train 140, loss: 2.883844, train acc: 0.327463, train avg acc: 0.193911
Test 140, loss: 2.706297, test acc: 0.361831, test avg acc: 0.291122
Train 141, loss: 2.887317, train acc: 0.325326, train avg acc: 0.191106
Test 141, loss: 2.719195, test acc: 0.354133, test avg acc: 0.286192
Train 142, loss: 2.868712, train acc: 0.330212, train avg acc: 0.197629
Test 142, loss: 2.712834, test acc: 0.371961, test avg acc: 0.281250
Train 143, loss: 2.872513, train acc: 0.328583, train avg acc: 0.195737
Test 143, loss: 2.741775, test acc: 0.326175, test avg acc: 0.260570
Train 144, loss: 2.871740, train acc: 0.329194, train avg acc: 0.194320
Test 144, loss: 2.735775, test acc: 0.366694, test avg acc: 0.295262
Train 145, loss: 2.880897, train acc: 0.324002, train avg acc: 0.192875
Test 145, loss: 2.798370, test acc: 0.348460, test avg acc: 0.292360
Train 146, loss: 2.860652, train acc: 0.332757, train avg acc: 0.205741
Test 146, loss: 2.741738, test acc: 0.362642, test avg acc: 0.278721
Train 147, loss: 2.860324, train acc: 0.342936, train avg acc: 0.210419
Test 147, loss: 2.718347, test acc: 0.355754, test avg acc: 0.284163
Train 148, loss: 2.866880, train acc: 0.334589, train avg acc: 0.199117
Test 148, loss: 2.745516, test acc: 0.349676, test avg acc: 0.273686
Train 149, loss: 2.849471, train acc: 0.341103, train avg acc: 0.206811
Test 149, loss: 2.769259, test acc: 0.327391, test avg acc: 0.267099
Train 150, loss: 2.855728, train acc: 0.332960, train avg acc: 0.196657
Test 150, loss: 2.676581, test acc: 0.393841, test avg acc: 0.314378
Train 151, loss: 2.852675, train acc: 0.340696, train avg acc: 0.207893
Test 151, loss: 2.774680, test acc: 0.309562, test avg acc: 0.233360
Train 152, loss: 2.849566, train acc: 0.338762, train avg acc: 0.204085
Test 152, loss: 2.673248, test acc: 0.397488, test avg acc: 0.316860
Train 153, loss: 2.848934, train acc: 0.331637, train avg acc: 0.197313
Test 153, loss: 2.723963, test acc: 0.408023, test avg acc: 0.324785
Train 154, loss: 2.840679, train acc: 0.340900, train avg acc: 0.210177
Test 154, loss: 2.675322, test acc: 0.382496, test avg acc: 0.314657
Train 155, loss: 2.837400, train acc: 0.346906, train avg acc: 0.211907
Test 155, loss: 2.675219, test acc: 0.380470, test avg acc: 0.304837
Train 156, loss: 2.839351, train acc: 0.340086, train avg acc: 0.209145
Test 156, loss: 2.717574, test acc: 0.385737, test avg acc: 0.291419
Train 157, loss: 2.843600, train acc: 0.344870, train avg acc: 0.209916
Test 157, loss: 2.684968, test acc: 0.369125, test avg acc: 0.299738
Train 158, loss: 2.842338, train acc: 0.336930, train avg acc: 0.204531
Test 158, loss: 2.639282, test acc: 0.412885, test avg acc: 0.326785
Train 159, loss: 2.840431, train acc: 0.343037, train avg acc: 0.213280
Test 159, loss: 2.688627, test acc: 0.373987, test avg acc: 0.312244
Train 160, loss: 2.841858, train acc: 0.343546, train avg acc: 0.209115
Test 160, loss: 2.721840, test acc: 0.350891, test avg acc: 0.267302
Train 161, loss: 2.827405, train acc: 0.348636, train avg acc: 0.216468
Test 161, loss: 2.658620, test acc: 0.385737, test avg acc: 0.318378
Train 162, loss: 2.838029, train acc: 0.345786, train avg acc: 0.213562
Test 162, loss: 2.649525, test acc: 0.409238, test avg acc: 0.334942
Train 163, loss: 2.817363, train acc: 0.354743, train avg acc: 0.220651
Test 163, loss: 2.687428, test acc: 0.393436, test avg acc: 0.322669
Train 164, loss: 2.827251, train acc: 0.350977, train avg acc: 0.217484
Test 164, loss: 2.670752, test acc: 0.382901, test avg acc: 0.307279
Train 165, loss: 2.837850, train acc: 0.351384, train avg acc: 0.220801
Test 165, loss: 2.691943, test acc: 0.378849, test avg acc: 0.302645
Train 166, loss: 2.827706, train acc: 0.347923, train avg acc: 0.215635
Test 166, loss: 2.661856, test acc: 0.388574, test avg acc: 0.306291
Train 167, loss: 2.825488, train acc: 0.349247, train avg acc: 0.217734
Test 167, loss: 2.633513, test acc: 0.402350, test avg acc: 0.321006
Train 168, loss: 2.820066, train acc: 0.353013, train avg acc: 0.220520
Test 168, loss: 2.631241, test acc: 0.403971, test avg acc: 0.335802
Train 169, loss: 2.814001, train acc: 0.356067, train avg acc: 0.223579
Test 169, loss: 2.680509, test acc: 0.398298, test avg acc: 0.301628
Train 170, loss: 2.816555, train acc: 0.357695, train avg acc: 0.224211
Test 170, loss: 2.682531, test acc: 0.381686, test avg acc: 0.314017
Train 171, loss: 2.818764, train acc: 0.350163, train avg acc: 0.219054
Test 171, loss: 2.647607, test acc: 0.395867, test avg acc: 0.333471
Train 172, loss: 2.814602, train acc: 0.353827, train avg acc: 0.219255
Test 172, loss: 2.624275, test acc: 0.419773, test avg acc: 0.351337
Train 173, loss: 2.812958, train acc: 0.357085, train avg acc: 0.221586
Test 173, loss: 2.662775, test acc: 0.395867, test avg acc: 0.326785
Train 174, loss: 2.803713, train acc: 0.362480, train avg acc: 0.222563
Test 174, loss: 2.700688, test acc: 0.373582, test avg acc: 0.287436
Train 175, loss: 2.813842, train acc: 0.356779, train avg acc: 0.222866
Test 175, loss: 2.728143, test acc: 0.346434, test avg acc: 0.270750
Train 176, loss: 2.807868, train acc: 0.357695, train avg acc: 0.222957
Test 176, loss: 2.613397, test acc: 0.425446, test avg acc: 0.358558
Train 177, loss: 2.804612, train acc: 0.359528, train avg acc: 0.227102
Test 177, loss: 2.656974, test acc: 0.382496, test avg acc: 0.312483
Train 178, loss: 2.808861, train acc: 0.358408, train avg acc: 0.228900
Test 178, loss: 2.664780, test acc: 0.405997, test avg acc: 0.338471
Train 179, loss: 2.803890, train acc: 0.357797, train avg acc: 0.228222
Test 179, loss: 2.665914, test acc: 0.398298, test avg acc: 0.314483
Train 180, loss: 2.795615, train acc: 0.364108, train avg acc: 0.228595
Test 180, loss: 2.622156, test acc: 0.428687, test avg acc: 0.362291
Train 181, loss: 2.794508, train acc: 0.369300, train avg acc: 0.233352
Test 181, loss: 2.642297, test acc: 0.409238, test avg acc: 0.329506
Train 182, loss: 2.787637, train acc: 0.362785, train avg acc: 0.226789
Test 182, loss: 2.668420, test acc: 0.379254, test avg acc: 0.312029
Train 183, loss: 2.782569, train acc: 0.361971, train avg acc: 0.227599
Test 183, loss: 2.639976, test acc: 0.423825, test avg acc: 0.339965
Train 184, loss: 2.787754, train acc: 0.364515, train avg acc: 0.226277
Test 184, loss: 2.618180, test acc: 0.428282, test avg acc: 0.353250
Train 185, loss: 2.796032, train acc: 0.357695, train avg acc: 0.223676
Test 185, loss: 2.662325, test acc: 0.405186, test avg acc: 0.329041
Train 186, loss: 2.786730, train acc: 0.364414, train avg acc: 0.229970
Test 186, loss: 2.614417, test acc: 0.416937, test avg acc: 0.335384
Train 187, loss: 2.770531, train acc: 0.373677, train avg acc: 0.236780
Test 187, loss: 2.623210, test acc: 0.408833, test avg acc: 0.343983
Train 188, loss: 2.770212, train acc: 0.369401, train avg acc: 0.238916
Test 188, loss: 2.630429, test acc: 0.391410, test avg acc: 0.328517
Train 189, loss: 2.770446, train acc: 0.373779, train avg acc: 0.240480
Test 189, loss: 2.613560, test acc: 0.408833, test avg acc: 0.329070
Train 190, loss: 2.772162, train acc: 0.368893, train avg acc: 0.235251
Test 190, loss: 2.618870, test acc: 0.438412, test avg acc: 0.360453
Train 191, loss: 2.778233, train acc: 0.372150, train avg acc: 0.242903
Test 191, loss: 2.585814, test acc: 0.436791, test avg acc: 0.363110
Train 192, loss: 2.772562, train acc: 0.371132, train avg acc: 0.233592
Test 192, loss: 2.590984, test acc: 0.448136, test avg acc: 0.368355
Train 193, loss: 2.772188, train acc: 0.370623, train avg acc: 0.241363
Test 193, loss: 2.582042, test acc: 0.429903, test avg acc: 0.345779
Train 194, loss: 2.757499, train acc: 0.377138, train avg acc: 0.242741
Test 194, loss: 2.566580, test acc: 0.432739, test avg acc: 0.350703
Train 195, loss: 2.764499, train acc: 0.374898, train avg acc: 0.237180
Test 195, loss: 2.616520, test acc: 0.423825, test avg acc: 0.343331
Train 196, loss: 2.754028, train acc: 0.379988, train avg acc: 0.246173
Test 196, loss: 2.581279, test acc: 0.440032, test avg acc: 0.362163
Train 197, loss: 2.756504, train acc: 0.378563, train avg acc: 0.243465
Test 197, loss: 2.588161, test acc: 0.430713, test avg acc: 0.348390
Train 198, loss: 2.761406, train acc: 0.380395, train avg acc: 0.244219
Test 198, loss: 2.580231, test acc: 0.441248, test avg acc: 0.366064
Train 199, loss: 2.756154, train acc: 0.380395, train avg acc: 0.246063
Test 199, loss: 2.606943, test acc: 0.423420, test avg acc: 0.345180
Train 200, loss: 2.754070, train acc: 0.379886, train avg acc: 0.247513
Test 200, loss: 2.590525, test acc: 0.429903, test avg acc: 0.351122
Train 201, loss: 2.747186, train acc: 0.383449, train avg acc: 0.250487
Test 201, loss: 2.571722, test acc: 0.442869, test avg acc: 0.364058
Train 202, loss: 2.750691, train acc: 0.384976, train avg acc: 0.251733
Test 202, loss: 2.580230, test acc: 0.433955, test avg acc: 0.359064
Train 203, loss: 2.749597, train acc: 0.384263, train avg acc: 0.253264
Test 203, loss: 2.580513, test acc: 0.442464, test avg acc: 0.363744
Train 204, loss: 2.746410, train acc: 0.385383, train avg acc: 0.250502
Test 204, loss: 2.576633, test acc: 0.435170, test avg acc: 0.354843
Train 205, loss: 2.750011, train acc: 0.388335, train avg acc: 0.252101
Test 205, loss: 2.592244, test acc: 0.439627, test avg acc: 0.357076
Train 206, loss: 2.737364, train acc: 0.389251, train avg acc: 0.253886
Test 206, loss: 2.556975, test acc: 0.452593, test avg acc: 0.366116
Train 207, loss: 2.738525, train acc: 0.387724, train avg acc: 0.253539
Test 207, loss: 2.595788, test acc: 0.425851, test avg acc: 0.354320
Train 208, loss: 2.743313, train acc: 0.382533, train avg acc: 0.247098
Test 208, loss: 2.579106, test acc: 0.432334, test avg acc: 0.354500
Train 209, loss: 2.738448, train acc: 0.383347, train avg acc: 0.250095
Test 209, loss: 2.552549, test acc: 0.449757, test avg acc: 0.375820
Train 210, loss: 2.726926, train acc: 0.393221, train avg acc: 0.257075
Test 210, loss: 2.568226, test acc: 0.452998, test avg acc: 0.370977
Train 211, loss: 2.739995, train acc: 0.387419, train avg acc: 0.251596
Test 211, loss: 2.560499, test acc: 0.429903, test avg acc: 0.358703
Train 212, loss: 2.722382, train acc: 0.392203, train avg acc: 0.260268
Test 212, loss: 2.585137, test acc: 0.410049, test avg acc: 0.341547
Train 213, loss: 2.736413, train acc: 0.390574, train avg acc: 0.253393
Test 213, loss: 2.578286, test acc: 0.433549, test avg acc: 0.351959
Train 214, loss: 2.725132, train acc: 0.392101, train avg acc: 0.259022
Test 214, loss: 2.564803, test acc: 0.441248, test avg acc: 0.361878
Train 215, loss: 2.716911, train acc: 0.396478, train avg acc: 0.263844
Test 215, loss: 2.573079, test acc: 0.438006, test avg acc: 0.360035
Train 216, loss: 2.721766, train acc: 0.392712, train avg acc: 0.256141
Test 216, loss: 2.588092, test acc: 0.423015, test avg acc: 0.338070
Train 217, loss: 2.723841, train acc: 0.395053, train avg acc: 0.260817
Test 217, loss: 2.591430, test acc: 0.422204, test avg acc: 0.350169
Train 218, loss: 2.723338, train acc: 0.397089, train avg acc: 0.259504
Test 218, loss: 2.563273, test acc: 0.424230, test avg acc: 0.352128
Train 219, loss: 2.710502, train acc: 0.399735, train avg acc: 0.262755
Test 219, loss: 2.577706, test acc: 0.426256, test avg acc: 0.336750
Train 220, loss: 2.728000, train acc: 0.397801, train avg acc: 0.262347
Test 220, loss: 2.593000, test acc: 0.419368, test avg acc: 0.332203
Train 221, loss: 2.708404, train acc: 0.405741, train avg acc: 0.272760
Test 221, loss: 2.539758, test acc: 0.457861, test avg acc: 0.368971
Train 222, loss: 2.716748, train acc: 0.401975, train avg acc: 0.264465
Test 222, loss: 2.538623, test acc: 0.457050, test avg acc: 0.371977
Train 223, loss: 2.709568, train acc: 0.403196, train avg acc: 0.269384
Test 223, loss: 2.564872, test acc: 0.432739, test avg acc: 0.345070
Train 224, loss: 2.706942, train acc: 0.400957, train avg acc: 0.262449
Test 224, loss: 2.542608, test acc: 0.443679, test avg acc: 0.359407
Train 225, loss: 2.711336, train acc: 0.398921, train avg acc: 0.266046
Test 225, loss: 2.546142, test acc: 0.443679, test avg acc: 0.361477
Train 226, loss: 2.692585, train acc: 0.408082, train avg acc: 0.269732
Test 226, loss: 2.553947, test acc: 0.433549, test avg acc: 0.353785
Train 227, loss: 2.701505, train acc: 0.401466, train avg acc: 0.267847
Test 227, loss: 2.528974, test acc: 0.462318, test avg acc: 0.379849
Train 228, loss: 2.695524, train acc: 0.406555, train avg acc: 0.271263
Test 228, loss: 2.514347, test acc: 0.467180, test avg acc: 0.380651
Train 229, loss: 2.698819, train acc: 0.405130, train avg acc: 0.265236
Test 229, loss: 2.553223, test acc: 0.447326, test avg acc: 0.360116
Train 230, loss: 2.693847, train acc: 0.403909, train avg acc: 0.266795
Test 230, loss: 2.530338, test acc: 0.464749, test avg acc: 0.378808
Train 231, loss: 2.695752, train acc: 0.410118, train avg acc: 0.275248
Test 231, loss: 2.525785, test acc: 0.463128, test avg acc: 0.379820
Train 232, loss: 2.693940, train acc: 0.404316, train avg acc: 0.268269
Test 232, loss: 2.522901, test acc: 0.469206, test avg acc: 0.380308
Train 233, loss: 2.693518, train acc: 0.409507, train avg acc: 0.275711
Test 233, loss: 2.530704, test acc: 0.460292, test avg acc: 0.373273
Train 234, loss: 2.693256, train acc: 0.404112, train avg acc: 0.268396
Test 234, loss: 2.549189, test acc: 0.444895, test avg acc: 0.360895
Train 235, loss: 2.686818, train acc: 0.406657, train avg acc: 0.267483
Test 235, loss: 2.535553, test acc: 0.455429, test avg acc: 0.364430
Train 236, loss: 2.691469, train acc: 0.411441, train avg acc: 0.274246
Test 236, loss: 2.529466, test acc: 0.461507, test avg acc: 0.372488
Train 237, loss: 2.689843, train acc: 0.408489, train avg acc: 0.272297
Test 237, loss: 2.547986, test acc: 0.446921, test avg acc: 0.360529
Train 238, loss: 2.693592, train acc: 0.402280, train avg acc: 0.264444
Test 238, loss: 2.544445, test acc: 0.443679, test avg acc: 0.358448
Train 239, loss: 2.698592, train acc: 0.410423, train avg acc: 0.272595
Test 239, loss: 2.551872, test acc: 0.440032, test avg acc: 0.360785
Train 240, loss: 2.695903, train acc: 0.402789, train avg acc: 0.266099
Test 240, loss: 2.527044, test acc: 0.461507, test avg acc: 0.372855
Train 241, loss: 2.689283, train acc: 0.409609, train avg acc: 0.276059
Test 241, loss: 2.532718, test acc: 0.450972, test avg acc: 0.365395
Train 242, loss: 2.681321, train acc: 0.414495, train avg acc: 0.280105
Test 242, loss: 2.511745, test acc: 0.470827, test avg acc: 0.383686
Train 243, loss: 2.695711, train acc: 0.409609, train avg acc: 0.272513
Test 243, loss: 2.537849, test acc: 0.452188, test avg acc: 0.363105
Train 244, loss: 2.684294, train acc: 0.404418, train avg acc: 0.269966
Test 244, loss: 2.517887, test acc: 0.468395, test avg acc: 0.384180
Train 245, loss: 2.695419, train acc: 0.409711, train avg acc: 0.275431
Test 245, loss: 2.524690, test acc: 0.458671, test avg acc: 0.371779
Train 246, loss: 2.691820, train acc: 0.409304, train avg acc: 0.273476
Test 246, loss: 2.520300, test acc: 0.456645, test avg acc: 0.378355
Train 247, loss: 2.687007, train acc: 0.410831, train avg acc: 0.274387
Test 247, loss: 2.518474, test acc: 0.471232, test avg acc: 0.379349
Train 248, loss: 2.684047, train acc: 0.408184, train avg acc: 0.272277
Test 248, loss: 2.547540, test acc: 0.452593, test avg acc: 0.374308
Train 249, loss: 2.681532, train acc: 0.413070, train avg acc: 0.276941
Test 249, loss: 2.513665, test acc: 0.465559, test avg acc: 0.379767
