Namespace(cfg_file='config/extractor/train_extractor_vn_pointnet.yml', use_sgd=True, no_cuda=False, eval=False, model_path=None)
Using GPU : 0 from 2 devices
VN_PointNet(
  (feat): PointNetEncoder(
    (conv_pos): VNLinearLeakyReLU(
      (map_to_feat): Linear(in_features=3, out_features=21, bias=False)
      (batchnorm): VNBatchNorm(
        (bn): BatchNorm2d(21, eps=1e-05, momentum=0.1, affine=True, track_running_stats=True)
      )
      (map_to_dir): Linear(in_features=3, out_features=21, bias=False)
    )
    (conv1): VNLinearLeakyReLU(
      (map_to_feat): Linear(in_features=21, out_features=21, bias=False)
      (batchnorm): VNBatchNorm(
        (bn): BatchNorm1d(21, eps=1e-05, momentum=0.1, affine=True, track_running_stats=True)
      )
      (map_to_dir): Linear(in_features=21, out_features=21, bias=False)
    )
    (conv2): VNLinearLeakyReLU(
      (map_to_feat): Linear(in_features=42, out_features=42, bias=False)
      (batchnorm): VNBatchNorm(
        (bn): BatchNorm1d(42, eps=1e-05, momentum=0.1, affine=True, track_running_stats=True)
      )
      (map_to_dir): Linear(in_features=42, out_features=42, bias=False)
    )
    (conv3): VNLinear(
      (map_to_feat): Linear(in_features=42, out_features=341, bias=False)
    )
    (bn3): VNBatchNorm(
      (bn): BatchNorm1d(341, eps=1e-05, momentum=0.1, affine=True, track_running_stats=True)
    )
    (std_feature): VNStdFeature(
      (vn1): VNLinearLeakyReLU(
        (map_to_feat): Linear(in_features=682, out_features=341, bias=False)
        (batchnorm): VNBatchNorm(
          (bn): BatchNorm1d(341, eps=1e-05, momentum=0.1, affine=True, track_running_stats=True)
        )
        (map_to_dir): Linear(in_features=682, out_features=341, bias=False)
      )
      (vn2): VNLinearLeakyReLU(
        (map_to_feat): Linear(in_features=341, out_features=170, bias=False)
        (batchnorm): VNBatchNorm(
          (bn): BatchNorm1d(170, eps=1e-05, momentum=0.1, affine=True, track_running_stats=True)
        )
        (map_to_dir): Linear(in_features=341, out_features=170, bias=False)
      )
      (vn_lin): Linear(in_features=170, out_features=3, bias=False)
    )
    (fstn): STNkd(
      (conv1): VNLinearLeakyReLU(
        (map_to_feat): Linear(in_features=21, out_features=21, bias=False)
        (batchnorm): VNBatchNorm(
          (bn): BatchNorm1d(21, eps=1e-05, momentum=0.1, affine=True, track_running_stats=True)
        )
        (map_to_dir): Linear(in_features=21, out_features=21, bias=False)
      )
      (conv2): VNLinearLeakyReLU(
        (map_to_feat): Linear(in_features=21, out_features=42, bias=False)
        (batchnorm): VNBatchNorm(
          (bn): BatchNorm1d(42, eps=1e-05, momentum=0.1, affine=True, track_running_stats=True)
        )
        (map_to_dir): Linear(in_features=21, out_features=42, bias=False)
      )
      (conv3): VNLinearLeakyReLU(
        (map_to_feat): Linear(in_features=42, out_features=341, bias=False)
        (batchnorm): VNBatchNorm(
          (bn): BatchNorm1d(341, eps=1e-05, momentum=0.1, affine=True, track_running_stats=True)
        )
        (map_to_dir): Linear(in_features=42, out_features=341, bias=False)
      )
      (fc1): VNLinearLeakyReLU(
        (map_to_feat): Linear(in_features=341, out_features=170, bias=False)
        (batchnorm): VNBatchNorm(
          (bn): BatchNorm1d(170, eps=1e-05, momentum=0.1, affine=True, track_running_stats=True)
        )
        (map_to_dir): Linear(in_features=341, out_features=170, bias=False)
      )
      (fc2): VNLinearLeakyReLU(
        (map_to_feat): Linear(in_features=170, out_features=85, bias=False)
        (batchnorm): VNBatchNorm(
          (bn): BatchNorm1d(85, eps=1e-05, momentum=0.1, affine=True, track_running_stats=True)
        )
        (map_to_dir): Linear(in_features=170, out_features=85, bias=False)
      )
      (fc3): VNLinear(
        (map_to_feat): Linear(in_features=85, out_features=21, bias=False)
      )
    )
  )
  (fc1): Linear(in_features=2046, out_features=512, bias=True)
  (fc2): Linear(in_features=512, out_features=256, bias=True)
  (fc3): Linear(in_features=256, out_features=40, bias=True)
  (dropout): Dropout(p=0.4, inplace=False)
  (bn1): BatchNorm1d(512, eps=1e-05, momentum=0.1, affine=True, track_running_stats=True)
  (bn2): BatchNorm1d(256, eps=1e-05, momentum=0.1, affine=True, track_running_stats=True)
  (relu): ReLU()
)
NUMBER OF TRAINABLE PARAMS: 1972745
SGD (
Parameter Group 0
    dampening: 0
    differentiable: False
    foreach: None
    initial_lr: 0.1
    lr: 0.1
    maximize: False
    momentum: 0.9
    nesterov: False
    weight_decay: 0.0001
)
Train 0, loss: 3.547110, train acc: 0.109833, train avg acc: 0.046812
Test 0, loss: 3.521746, test acc: 0.092788, test avg acc: 0.057250
Train 1, loss: 3.375950, train acc: 0.146682, train avg acc: 0.060986
Test 1, loss: 3.561208, test acc: 0.112642, test avg acc: 0.069500
Train 2, loss: 3.332569, train acc: 0.159304, train avg acc: 0.065266
Test 2, loss: 3.419786, test acc: 0.122366, test avg acc: 0.075500
Train 3, loss: 3.297390, train acc: 0.173962, train avg acc: 0.074388
Test 3, loss: 3.411018, test acc: 0.154781, test avg acc: 0.095500
Train 4, loss: 3.265317, train acc: 0.189536, train avg acc: 0.081390
Test 4, loss: 3.326804, test acc: 0.140600, test avg acc: 0.086750
Train 5, loss: 3.230549, train acc: 0.199002, train avg acc: 0.087165
Test 5, loss: 3.334060, test acc: 0.151135, test avg acc: 0.093250
Train 6, loss: 3.188466, train acc: 0.215391, train avg acc: 0.101064
Test 6, loss: 3.416691, test acc: 0.105348, test avg acc: 0.065326
Train 7, loss: 3.122008, train acc: 0.239312, train avg acc: 0.119682
Test 7, loss: 3.079540, test acc: 0.223258, test avg acc: 0.139622
Train 8, loss: 3.074376, train acc: 0.255599, train avg acc: 0.132146
Test 8, loss: 3.449266, test acc: 0.126418, test avg acc: 0.093000
Train 9, loss: 3.045514, train acc: 0.270969, train avg acc: 0.140123
Test 9, loss: 3.138456, test acc: 0.185981, test avg acc: 0.118238
Train 10, loss: 2.994898, train acc: 0.292752, train avg acc: 0.159575
Test 10, loss: 3.237184, test acc: 0.181524, test avg acc: 0.136570
Train 11, loss: 2.954130, train acc: 0.310566, train avg acc: 0.174589
Test 11, loss: 3.227037, test acc: 0.192058, test avg acc: 0.140331
Train 12, loss: 2.895672, train acc: 0.331739, train avg acc: 0.192284
Test 12, loss: 3.364609, test acc: 0.203404, test avg acc: 0.149744
Train 13, loss: 2.846594, train acc: 0.348941, train avg acc: 0.211340
Test 13, loss: 3.146270, test acc: 0.251621, test avg acc: 0.198535
Train 14, loss: 2.749763, train acc: 0.388233, train avg acc: 0.246601
Test 14, loss: 3.365784, test acc: 0.242707, test avg acc: 0.197750
Train 15, loss: 2.671955, train acc: 0.422028, train avg acc: 0.277245
Test 15, loss: 3.001940, test acc: 0.260940, test avg acc: 0.221529
Train 16, loss: 2.626335, train acc: 0.445134, train avg acc: 0.299770
Test 16, loss: 3.094402, test acc: 0.240681, test avg acc: 0.217186
Train 17, loss: 2.594412, train acc: 0.456739, train avg acc: 0.319063
Test 17, loss: 2.986697, test acc: 0.303485, test avg acc: 0.250017
Train 18, loss: 2.555878, train acc: 0.473331, train avg acc: 0.329733
Test 18, loss: 2.925253, test acc: 0.336710, test avg acc: 0.282308
Train 19, loss: 2.518233, train acc: 0.486971, train avg acc: 0.349195
Test 19, loss: 2.994210, test acc: 0.359806, test avg acc: 0.325151
Train 20, loss: 2.470707, train acc: 0.510790, train avg acc: 0.370416
Test 20, loss: 2.879135, test acc: 0.333063, test avg acc: 0.290843
Train 21, loss: 2.461377, train acc: 0.507431, train avg acc: 0.374964
Test 21, loss: 2.805004, test acc: 0.417342, test avg acc: 0.365756
Train 22, loss: 2.421112, train acc: 0.528502, train avg acc: 0.390474
Test 22, loss: 2.473974, test acc: 0.508509, test avg acc: 0.429262
Train 23, loss: 2.400347, train acc: 0.541633, train avg acc: 0.408159
Test 23, loss: 3.144716, test acc: 0.326985, test avg acc: 0.266773
Train 24, loss: 2.372607, train acc: 0.546926, train avg acc: 0.414825
Test 24, loss: 2.473282, test acc: 0.486224, test avg acc: 0.420855
Train 25, loss: 2.330797, train acc: 0.565757, train avg acc: 0.434925
Test 25, loss: 3.226763, test acc: 0.252431, test avg acc: 0.213581
Train 26, loss: 2.322056, train acc: 0.571763, train avg acc: 0.441042
Test 26, loss: 2.330380, test acc: 0.556726, test avg acc: 0.471715
Train 27, loss: 2.292419, train acc: 0.582655, train avg acc: 0.457374
Test 27, loss: 2.860014, test acc: 0.393436, test avg acc: 0.325651
Train 28, loss: 2.284167, train acc: 0.587439, train avg acc: 0.464038
Test 28, loss: 2.554745, test acc: 0.474878, test avg acc: 0.437802
Train 29, loss: 2.269763, train acc: 0.597313, train avg acc: 0.481720
Test 29, loss: 2.817296, test acc: 0.378039, test avg acc: 0.319128
Train 30, loss: 2.278118, train acc: 0.592529, train avg acc: 0.467342
Test 30, loss: 2.743692, test acc: 0.412480, test avg acc: 0.370564
Train 31, loss: 2.253559, train acc: 0.599349, train avg acc: 0.480387
Test 31, loss: 2.380694, test acc: 0.556726, test avg acc: 0.479721
Train 32, loss: 2.221614, train acc: 0.616958, train avg acc: 0.498845
Test 32, loss: 2.469870, test acc: 0.488655, test avg acc: 0.427605
Train 33, loss: 2.232208, train acc: 0.610749, train avg acc: 0.493229
Test 33, loss: 3.424724, test acc: 0.245543, test avg acc: 0.219866
Train 34, loss: 2.213215, train acc: 0.618587, train avg acc: 0.500107
Test 34, loss: 2.279595, test acc: 0.590357, test avg acc: 0.517198
Train 35, loss: 2.180314, train acc: 0.633245, train avg acc: 0.515723
Test 35, loss: 2.337087, test acc: 0.541734, test avg acc: 0.444087
Train 36, loss: 2.179755, train acc: 0.637724, train avg acc: 0.521964
Test 36, loss: 2.479954, test acc: 0.487034, test avg acc: 0.398041
Train 37, loss: 2.192086, train acc: 0.627341, train avg acc: 0.520538
Test 37, loss: 3.571643, test acc: 0.201378, test avg acc: 0.178820
Train 38, loss: 2.173367, train acc: 0.633245, train avg acc: 0.514209
Test 38, loss: 2.643625, test acc: 0.473663, test avg acc: 0.392000
Train 39, loss: 2.164505, train acc: 0.640879, train avg acc: 0.530790
Test 39, loss: 2.269593, test acc: 0.607374, test avg acc: 0.524360
Train 40, loss: 2.135698, train acc: 0.652280, train avg acc: 0.538414
Test 40, loss: 2.889321, test acc: 0.373177, test avg acc: 0.332988
Train 41, loss: 2.140076, train acc: 0.653298, train avg acc: 0.537276
Test 41, loss: 2.158524, test acc: 0.634927, test avg acc: 0.542448
Train 42, loss: 2.106400, train acc: 0.666327, train avg acc: 0.551524
Test 42, loss: 2.392873, test acc: 0.536062, test avg acc: 0.475151
Train 43, loss: 2.117042, train acc: 0.661747, train avg acc: 0.554104
Test 43, loss: 2.063591, test acc: 0.690438, test avg acc: 0.602640
Train 44, loss: 2.096453, train acc: 0.673046, train avg acc: 0.567656
Test 44, loss: 2.325235, test acc: 0.602917, test avg acc: 0.504948
Train 45, loss: 2.077961, train acc: 0.677728, train avg acc: 0.567041
Test 45, loss: 2.272862, test acc: 0.603728, test avg acc: 0.544692
Train 46, loss: 2.081065, train acc: 0.678746, train avg acc: 0.572925
Test 46, loss: 2.156278, test acc: 0.647893, test avg acc: 0.547948
Train 47, loss: 2.077080, train acc: 0.683225, train avg acc: 0.583840
Test 47, loss: 2.435953, test acc: 0.577391, test avg acc: 0.481785
Train 48, loss: 2.069907, train acc: 0.681087, train avg acc: 0.576753
Test 48, loss: 2.264142, test acc: 0.609400, test avg acc: 0.534471
Train 49, loss: 2.036717, train acc: 0.692997, train avg acc: 0.585116
Test 49, loss: 2.216863, test acc: 0.612237, test avg acc: 0.516820
Train 50, loss: 2.045853, train acc: 0.690961, train avg acc: 0.585020
Test 50, loss: 2.240398, test acc: 0.617909, test avg acc: 0.557849
Train 51, loss: 2.034473, train acc: 0.700631, train avg acc: 0.598327
Test 51, loss: 2.677559, test acc: 0.459887, test avg acc: 0.419895
Train 52, loss: 2.037505, train acc: 0.696254, train avg acc: 0.596661
Test 52, loss: 2.173096, test acc: 0.647488, test avg acc: 0.567192
Train 53, loss: 2.019969, train acc: 0.706026, train avg acc: 0.609698
Test 53, loss: 2.112541, test acc: 0.662075, test avg acc: 0.577733
Train 54, loss: 2.026947, train acc: 0.699511, train avg acc: 0.602518
Test 54, loss: 2.137658, test acc: 0.673015, test avg acc: 0.587517
Train 55, loss: 2.019215, train acc: 0.705008, train avg acc: 0.608372
Test 55, loss: 2.160848, test acc: 0.645057, test avg acc: 0.574663
Train 56, loss: 2.009915, train acc: 0.709385, train avg acc: 0.610515
Test 56, loss: 2.072566, test acc: 0.665316, test avg acc: 0.605919
Train 57, loss: 1.998756, train acc: 0.712032, train avg acc: 0.613225
Test 57, loss: 2.244186, test acc: 0.634927, test avg acc: 0.566727
Train 58, loss: 1.992629, train acc: 0.716307, train avg acc: 0.621995
Test 58, loss: 2.324080, test acc: 0.602107, test avg acc: 0.521209
Train 59, loss: 2.006085, train acc: 0.709385, train avg acc: 0.607674
Test 59, loss: 2.560467, test acc: 0.468395, test avg acc: 0.414814
Train 60, loss: 1.974343, train acc: 0.720888, train avg acc: 0.623237
Test 60, loss: 2.214879, test acc: 0.605754, test avg acc: 0.572953
Train 61, loss: 1.970883, train acc: 0.724654, train avg acc: 0.632191
Test 61, loss: 2.106303, test acc: 0.661669, test avg acc: 0.577721
Train 62, loss: 1.963759, train acc: 0.730151, train avg acc: 0.638707
Test 62, loss: 2.177362, test acc: 0.638574, test avg acc: 0.577570
Train 63, loss: 1.967919, train acc: 0.722720, train avg acc: 0.630509
Test 63, loss: 2.310881, test acc: 0.602917, test avg acc: 0.555419
Train 64, loss: 1.948075, train acc: 0.730151, train avg acc: 0.635674
Test 64, loss: 2.126884, test acc: 0.664506, test avg acc: 0.608930
Train 65, loss: 1.946128, train acc: 0.732899, train avg acc: 0.642651
Test 65, loss: 2.325932, test acc: 0.603728, test avg acc: 0.485564
Train 66, loss: 1.947419, train acc: 0.732899, train avg acc: 0.642264
Test 66, loss: 2.166255, test acc: 0.664100, test avg acc: 0.589081
Train 67, loss: 1.950853, train acc: 0.734324, train avg acc: 0.644622
Test 67, loss: 2.040062, test acc: 0.715154, test avg acc: 0.615727
Train 68, loss: 1.939754, train acc: 0.740941, train avg acc: 0.655443
Test 68, loss: 2.486322, test acc: 0.512561, test avg acc: 0.453436
Train 69, loss: 1.922734, train acc: 0.745521, train avg acc: 0.660039
Test 69, loss: 2.032583, test acc: 0.722447, test avg acc: 0.634250
Train 70, loss: 1.919405, train acc: 0.745623, train avg acc: 0.652565
Test 70, loss: 2.187923, test acc: 0.656402, test avg acc: 0.581012
Train 71, loss: 1.929748, train acc: 0.748880, train avg acc: 0.659392
Test 71, loss: 2.050584, test acc: 0.707050, test avg acc: 0.619483
Train 72, loss: 1.922676, train acc: 0.745827, train avg acc: 0.655181
Test 72, loss: 2.351034, test acc: 0.561588, test avg acc: 0.504721
Train 73, loss: 1.911020, train acc: 0.747964, train avg acc: 0.659001
Test 73, loss: 2.151441, test acc: 0.630065, test avg acc: 0.528233
Train 74, loss: 1.912073, train acc: 0.750509, train avg acc: 0.665501
Test 74, loss: 2.004770, test acc: 0.723663, test avg acc: 0.631302
Train 75, loss: 1.910526, train acc: 0.753257, train avg acc: 0.662571
Test 75, loss: 1.974343, test acc: 0.741491, test avg acc: 0.667576
Train 76, loss: 1.903621, train acc: 0.758347, train avg acc: 0.674355
Test 76, loss: 2.032872, test acc: 0.721637, test avg acc: 0.658692
Train 77, loss: 1.901705, train acc: 0.759772, train avg acc: 0.676904
Test 77, loss: 1.910548, test acc: 0.765802, test avg acc: 0.655715
Train 78, loss: 1.900977, train acc: 0.757125, train avg acc: 0.670071
Test 78, loss: 2.153759, test acc: 0.677877, test avg acc: 0.613076
Train 79, loss: 1.901188, train acc: 0.750407, train avg acc: 0.668412
Test 79, loss: 2.079107, test acc: 0.683144, test avg acc: 0.592099
Train 80, loss: 1.883150, train acc: 0.759467, train avg acc: 0.674646
Test 80, loss: 2.125105, test acc: 0.682334, test avg acc: 0.609535
Train 81, loss: 1.884922, train acc: 0.760179, train avg acc: 0.676299
Test 81, loss: 2.036521, test acc: 0.711507, test avg acc: 0.650448
Train 82, loss: 1.885643, train acc: 0.760993, train avg acc: 0.674232
Test 82, loss: 2.098389, test acc: 0.685575, test avg acc: 0.634942
Train 83, loss: 1.888923, train acc: 0.760485, train avg acc: 0.679689
Test 83, loss: 2.251804, test acc: 0.610211, test avg acc: 0.554924
Train 84, loss: 1.883527, train acc: 0.762113, train avg acc: 0.680025
Test 84, loss: 2.176196, test acc: 0.640194, test avg acc: 0.562448
Train 85, loss: 1.885924, train acc: 0.765778, train avg acc: 0.686125
Test 85, loss: 1.884007, test acc: 0.773501, test avg acc: 0.689058
Train 86, loss: 1.868489, train acc: 0.767101, train avg acc: 0.686770
Test 86, loss: 2.078485, test acc: 0.683549, test avg acc: 0.633262
Train 87, loss: 1.875017, train acc: 0.765472, train avg acc: 0.688033
Test 87, loss: 2.139783, test acc: 0.650324, test avg acc: 0.571343
Train 88, loss: 1.845519, train acc: 0.780741, train avg acc: 0.700162
Test 88, loss: 1.952231, test acc: 0.730551, test avg acc: 0.662535
Train 89, loss: 1.860431, train acc: 0.769137, train avg acc: 0.691575
Test 89, loss: 2.007244, test acc: 0.709076, test avg acc: 0.637703
Train 90, loss: 1.850016, train acc: 0.775753, train avg acc: 0.700047
Test 90, loss: 1.972457, test acc: 0.741896, test avg acc: 0.670279
Train 91, loss: 1.846707, train acc: 0.779214, train avg acc: 0.706751
Test 91, loss: 1.998341, test acc: 0.708671, test avg acc: 0.639145
Train 92, loss: 1.831539, train acc: 0.785016, train avg acc: 0.710091
Test 92, loss: 1.948001, test acc: 0.739870, test avg acc: 0.655802
Train 93, loss: 1.840025, train acc: 0.779316, train avg acc: 0.706372
Test 93, loss: 2.127890, test acc: 0.663695, test avg acc: 0.608407
Train 94, loss: 1.832435, train acc: 0.785423, train avg acc: 0.708508
Test 94, loss: 1.915501, test acc: 0.762156, test avg acc: 0.718023
Train 95, loss: 1.819220, train acc: 0.792040, train avg acc: 0.719990
Test 95, loss: 1.937199, test acc: 0.762156, test avg acc: 0.675645
Train 96, loss: 1.830056, train acc: 0.784100, train avg acc: 0.713378
Test 96, loss: 1.910300, test acc: 0.748379, test avg acc: 0.674174
Train 97, loss: 1.837981, train acc: 0.780029, train avg acc: 0.701975
Test 97, loss: 2.051501, test acc: 0.698541, test avg acc: 0.620680
Train 98, loss: 1.827584, train acc: 0.785220, train avg acc: 0.710721
Test 98, loss: 1.880031, test acc: 0.782010, test avg acc: 0.705599
Train 99, loss: 1.814046, train acc: 0.791938, train avg acc: 0.719351
Test 99, loss: 2.097360, test acc: 0.685981, test avg acc: 0.650558
Train 100, loss: 1.811353, train acc: 0.794279, train avg acc: 0.723395
Test 100, loss: 1.935865, test acc: 0.754052, test avg acc: 0.696041
Train 101, loss: 1.799294, train acc: 0.797638, train avg acc: 0.731355
Test 101, loss: 1.913192, test acc: 0.778768, test avg acc: 0.698320
Train 102, loss: 1.803680, train acc: 0.794381, train avg acc: 0.724532
Test 102, loss: 1.971873, test acc: 0.734603, test avg acc: 0.638541
Train 103, loss: 1.814975, train acc: 0.790717, train avg acc: 0.717265
Test 103, loss: 2.011402, test acc: 0.709887, test avg acc: 0.662041
Train 104, loss: 1.804769, train acc: 0.795704, train avg acc: 0.724670
Test 104, loss: 1.974648, test acc: 0.746353, test avg acc: 0.692000
Train 105, loss: 1.797616, train acc: 0.800285, train avg acc: 0.733233
Test 105, loss: 1.880926, test acc: 0.788088, test avg acc: 0.712221
Train 106, loss: 1.797272, train acc: 0.798555, train avg acc: 0.725039
Test 106, loss: 1.919549, test acc: 0.767423, test avg acc: 0.710785
Train 107, loss: 1.784543, train acc: 0.804357, train avg acc: 0.735935
Test 107, loss: 1.952334, test acc: 0.752836, test avg acc: 0.694343
Train 108, loss: 1.774701, train acc: 0.808734, train avg acc: 0.747176
Test 108, loss: 1.942158, test acc: 0.744327, test avg acc: 0.653360
Train 109, loss: 1.783846, train acc: 0.804764, train avg acc: 0.736391
Test 109, loss: 1.935890, test acc: 0.755673, test avg acc: 0.663407
Train 110, loss: 1.777113, train acc: 0.808428, train avg acc: 0.743631
Test 110, loss: 1.922492, test acc: 0.756888, test avg acc: 0.674471
Train 111, loss: 1.782970, train acc: 0.805069, train avg acc: 0.732753
Test 111, loss: 2.004083, test acc: 0.715559, test avg acc: 0.640907
Train 112, loss: 1.771979, train acc: 0.811889, train avg acc: 0.744707
Test 112, loss: 1.943052, test acc: 0.724473, test avg acc: 0.658006
Train 113, loss: 1.775850, train acc: 0.806291, train avg acc: 0.739443
Test 113, loss: 1.902995, test acc: 0.779173, test avg acc: 0.718494
Train 114, loss: 1.766399, train acc: 0.814739, train avg acc: 0.751031
Test 114, loss: 1.832171, test acc: 0.798622, test avg acc: 0.738233
Train 115, loss: 1.756726, train acc: 0.815757, train avg acc: 0.750828
Test 115, loss: 1.825612, test acc: 0.809562, test avg acc: 0.732971
Train 116, loss: 1.764981, train acc: 0.812093, train avg acc: 0.744125
Test 116, loss: 1.824117, test acc: 0.805916, test avg acc: 0.743733
Train 117, loss: 1.742098, train acc: 0.824511, train avg acc: 0.758823
Test 117, loss: 1.991754, test acc: 0.727310, test avg acc: 0.646041
Train 118, loss: 1.754001, train acc: 0.819422, train avg acc: 0.755369
Test 118, loss: 1.895586, test acc: 0.777958, test avg acc: 0.705802
Train 119, loss: 1.748517, train acc: 0.822476, train avg acc: 0.761687
Test 119, loss: 1.955552, test acc: 0.727310, test avg acc: 0.654512
Train 120, loss: 1.737662, train acc: 0.825835, train avg acc: 0.763539
Test 120, loss: 1.929425, test acc: 0.749190, test avg acc: 0.691523
Train 121, loss: 1.751784, train acc: 0.816572, train avg acc: 0.748775
Test 121, loss: 1.924918, test acc: 0.752026, test avg acc: 0.689494
Train 122, loss: 1.741396, train acc: 0.825224, train avg acc: 0.762268
Test 122, loss: 1.976596, test acc: 0.735008, test avg acc: 0.671930
Train 123, loss: 1.739601, train acc: 0.821967, train avg acc: 0.758130
Test 123, loss: 1.929594, test acc: 0.747569, test avg acc: 0.691605
Train 124, loss: 1.728462, train acc: 0.829296, train avg acc: 0.765083
Test 124, loss: 1.993689, test acc: 0.738655, test avg acc: 0.710657
Train 125, loss: 1.739080, train acc: 0.825835, train avg acc: 0.760663
Test 125, loss: 1.894790, test acc: 0.787277, test avg acc: 0.710483
Train 126, loss: 1.733556, train acc: 0.827463, train avg acc: 0.766850
Test 126, loss: 1.813580, test acc: 0.810373, test avg acc: 0.754919
Train 127, loss: 1.722885, train acc: 0.831433, train avg acc: 0.772629
Test 127, loss: 1.908358, test acc: 0.770259, test avg acc: 0.709547
Train 128, loss: 1.728404, train acc: 0.828074, train avg acc: 0.767452
Test 128, loss: 1.967015, test acc: 0.741491, test avg acc: 0.667552
Train 129, loss: 1.709350, train acc: 0.836014, train avg acc: 0.779355
Test 129, loss: 1.959446, test acc: 0.742707, test avg acc: 0.682971
Train 130, loss: 1.723636, train acc: 0.831942, train avg acc: 0.771753
Test 130, loss: 1.920696, test acc: 0.765802, test avg acc: 0.698052
Train 131, loss: 1.717541, train acc: 0.836116, train avg acc: 0.776930
Test 131, loss: 1.799584, test acc: 0.812399, test avg acc: 0.760262
Train 132, loss: 1.699076, train acc: 0.838660, train avg acc: 0.775429
Test 132, loss: 1.866754, test acc: 0.782820, test avg acc: 0.735756
Train 133, loss: 1.696230, train acc: 0.842020, train avg acc: 0.785006
Test 133, loss: 1.795157, test acc: 0.804295, test avg acc: 0.734977
Train 134, loss: 1.701666, train acc: 0.837846, train avg acc: 0.776558
Test 134, loss: 1.843592, test acc: 0.787277, test avg acc: 0.717773
Train 135, loss: 1.699228, train acc: 0.841103, train avg acc: 0.783583
Test 135, loss: 1.848891, test acc: 0.786872, test avg acc: 0.732640
Train 136, loss: 1.698500, train acc: 0.843648, train avg acc: 0.787057
Test 136, loss: 1.836254, test acc: 0.811588, test avg acc: 0.763128
Train 137, loss: 1.682157, train acc: 0.850061, train avg acc: 0.793578
Test 137, loss: 1.879636, test acc: 0.799433, test avg acc: 0.741767
Train 138, loss: 1.684897, train acc: 0.847007, train avg acc: 0.788325
Test 138, loss: 1.851823, test acc: 0.782415, test avg acc: 0.722994
Train 139, loss: 1.695585, train acc: 0.844259, train avg acc: 0.783611
Test 139, loss: 1.819210, test acc: 0.818476, test avg acc: 0.761390
Train 140, loss: 1.684520, train acc: 0.850570, train avg acc: 0.793819
Test 140, loss: 1.919107, test acc: 0.768233, test avg acc: 0.721331
Train 141, loss: 1.680138, train acc: 0.848229, train avg acc: 0.795260
Test 141, loss: 1.818004, test acc: 0.809157, test avg acc: 0.727750
Train 142, loss: 1.682018, train acc: 0.846295, train avg acc: 0.793061
Test 142, loss: 1.811244, test acc: 0.801864, test avg acc: 0.735698
Train 143, loss: 1.685716, train acc: 0.844666, train avg acc: 0.785727
Test 143, loss: 1.852569, test acc: 0.789303, test avg acc: 0.743634
Train 144, loss: 1.667517, train acc: 0.857695, train avg acc: 0.803496
Test 144, loss: 1.836746, test acc: 0.796596, test avg acc: 0.738494
Train 145, loss: 1.673980, train acc: 0.852606, train avg acc: 0.799547
Test 145, loss: 1.789498, test acc: 0.831037, test avg acc: 0.759826
Train 146, loss: 1.668201, train acc: 0.854642, train avg acc: 0.802714
Test 146, loss: 1.792967, test acc: 0.840357, test avg acc: 0.772750
Train 147, loss: 1.667629, train acc: 0.855252, train avg acc: 0.801187
Test 147, loss: 1.887128, test acc: 0.758104, test avg acc: 0.680360
Train 148, loss: 1.663623, train acc: 0.854947, train avg acc: 0.802582
Test 148, loss: 1.886867, test acc: 0.777958, test avg acc: 0.717703
Train 149, loss: 1.663028, train acc: 0.857186, train avg acc: 0.801917
Test 149, loss: 1.805303, test acc: 0.821718, test avg acc: 0.780477
Train 150, loss: 1.648791, train acc: 0.861971, train avg acc: 0.810281
Test 150, loss: 1.797276, test acc: 0.825770, test avg acc: 0.765756
Train 151, loss: 1.649082, train acc: 0.861971, train avg acc: 0.808707
Test 151, loss: 1.838685, test acc: 0.794976, test avg acc: 0.747448
Train 152, loss: 1.642517, train acc: 0.862072, train avg acc: 0.813838
Test 152, loss: 1.761246, test acc: 0.844408, test avg acc: 0.786762
Train 153, loss: 1.648332, train acc: 0.859935, train avg acc: 0.808060
Test 153, loss: 1.768987, test acc: 0.839546, test avg acc: 0.776343
Train 154, loss: 1.649440, train acc: 0.863090, train avg acc: 0.811770
Test 154, loss: 1.776100, test acc: 0.822123, test avg acc: 0.770337
Train 155, loss: 1.642030, train acc: 0.867264, train avg acc: 0.820357
Test 155, loss: 1.791148, test acc: 0.814019, test avg acc: 0.761831
Train 156, loss: 1.622689, train acc: 0.874186, train avg acc: 0.832441
Test 156, loss: 1.772882, test acc: 0.819692, test avg acc: 0.769785
Train 157, loss: 1.640782, train acc: 0.869605, train avg acc: 0.819388
Test 157, loss: 1.781972, test acc: 0.825770, test avg acc: 0.766058
Train 158, loss: 1.629621, train acc: 0.874898, train avg acc: 0.826481
Test 158, loss: 1.814421, test acc: 0.827796, test avg acc: 0.770959
Train 159, loss: 1.624975, train acc: 0.871743, train avg acc: 0.826672
Test 159, loss: 1.780014, test acc: 0.833874, test avg acc: 0.770686
Train 160, loss: 1.623273, train acc: 0.872557, train avg acc: 0.824911
Test 160, loss: 1.759143, test acc: 0.835900, test avg acc: 0.771320
Train 161, loss: 1.625313, train acc: 0.874186, train avg acc: 0.826801
Test 161, loss: 1.846904, test acc: 0.783225, test avg acc: 0.736436
Train 162, loss: 1.606885, train acc: 0.881820, train avg acc: 0.835542
Test 162, loss: 1.762114, test acc: 0.821718, test avg acc: 0.769017
Train 163, loss: 1.621195, train acc: 0.870318, train avg acc: 0.823713
Test 163, loss: 1.788547, test acc: 0.835494, test avg acc: 0.777890
Train 164, loss: 1.612812, train acc: 0.878664, train avg acc: 0.833407
Test 164, loss: 1.747346, test acc: 0.840762, test avg acc: 0.783134
Train 165, loss: 1.611681, train acc: 0.876527, train avg acc: 0.832748
Test 165, loss: 1.774339, test acc: 0.833468, test avg acc: 0.770384
Train 166, loss: 1.605212, train acc: 0.881413, train avg acc: 0.834692
Test 166, loss: 1.761531, test acc: 0.841572, test avg acc: 0.783407
Train 167, loss: 1.609277, train acc: 0.878054, train avg acc: 0.832243
Test 167, loss: 1.951734, test acc: 0.749190, test avg acc: 0.686657
Train 168, loss: 1.603826, train acc: 0.883550, train avg acc: 0.839150
Test 168, loss: 1.769631, test acc: 0.852512, test avg acc: 0.800262
Train 169, loss: 1.594569, train acc: 0.889149, train avg acc: 0.846908
Test 169, loss: 1.768709, test acc: 0.841572, test avg acc: 0.789419
Train 170, loss: 1.597462, train acc: 0.886706, train avg acc: 0.844881
Test 170, loss: 1.792895, test acc: 0.822123, test avg acc: 0.767122
Train 171, loss: 1.591352, train acc: 0.888029, train avg acc: 0.848423
Test 171, loss: 1.771883, test acc: 0.834684, test avg acc: 0.775721
Train 172, loss: 1.589618, train acc: 0.887724, train avg acc: 0.842722
Test 172, loss: 1.734137, test acc: 0.847245, test avg acc: 0.787628
Train 173, loss: 1.580724, train acc: 0.891185, train avg acc: 0.850075
Test 173, loss: 1.738449, test acc: 0.848055, test avg acc: 0.801331
Train 174, loss: 1.585878, train acc: 0.891490, train avg acc: 0.852425
Test 174, loss: 1.763074, test acc: 0.841572, test avg acc: 0.785529
Train 175, loss: 1.571291, train acc: 0.897496, train avg acc: 0.857587
Test 175, loss: 1.738257, test acc: 0.839141, test avg acc: 0.773291
Train 176, loss: 1.575007, train acc: 0.896580, train avg acc: 0.855140
Test 176, loss: 1.752017, test acc: 0.844814, test avg acc: 0.796709
Train 177, loss: 1.565484, train acc: 0.902077, train avg acc: 0.866458
Test 177, loss: 1.749917, test acc: 0.837925, test avg acc: 0.771965
Train 178, loss: 1.574296, train acc: 0.896071, train avg acc: 0.859140
Test 178, loss: 1.760955, test acc: 0.844003, test avg acc: 0.793977
Train 179, loss: 1.568507, train acc: 0.898107, train avg acc: 0.860355
Test 179, loss: 1.713791, test acc: 0.859806, test avg acc: 0.803773
Train 180, loss: 1.569510, train acc: 0.894035, train avg acc: 0.854096
Test 180, loss: 1.738880, test acc: 0.850891, test avg acc: 0.799256
Train 181, loss: 1.570324, train acc: 0.899837, train avg acc: 0.863463
Test 181, loss: 1.764699, test acc: 0.841167, test avg acc: 0.785384
Train 182, loss: 1.563105, train acc: 0.903196, train avg acc: 0.866370
Test 182, loss: 1.752152, test acc: 0.844408, test avg acc: 0.797017
Train 183, loss: 1.556633, train acc: 0.901262, train avg acc: 0.863830
Test 183, loss: 1.767289, test acc: 0.833063, test avg acc: 0.781552
Train 184, loss: 1.550760, train acc: 0.906963, train avg acc: 0.870173
Test 184, loss: 1.743312, test acc: 0.848055, test avg acc: 0.789564
Train 185, loss: 1.548130, train acc: 0.908286, train avg acc: 0.871496
Test 185, loss: 1.745355, test acc: 0.847650, test avg acc: 0.800087
Train 186, loss: 1.551231, train acc: 0.905232, train avg acc: 0.869076
Test 186, loss: 1.734001, test acc: 0.848055, test avg acc: 0.806372
Train 187, loss: 1.550997, train acc: 0.904112, train avg acc: 0.865487
Test 187, loss: 1.738894, test acc: 0.855348, test avg acc: 0.803366
Train 188, loss: 1.546738, train acc: 0.908795, train avg acc: 0.873752
Test 188, loss: 1.752795, test acc: 0.857374, test avg acc: 0.809262
Train 189, loss: 1.548715, train acc: 0.905843, train avg acc: 0.868567
Test 189, loss: 1.742966, test acc: 0.850486, test avg acc: 0.802860
Train 190, loss: 1.544857, train acc: 0.908082, train avg acc: 0.874506
Test 190, loss: 1.726583, test acc: 0.852917, test avg acc: 0.800610
Train 191, loss: 1.536749, train acc: 0.916124, train avg acc: 0.882955
Test 191, loss: 1.725718, test acc: 0.860211, test avg acc: 0.816419
Train 192, loss: 1.535652, train acc: 0.914800, train avg acc: 0.885183
Test 192, loss: 1.727514, test acc: 0.850891, test avg acc: 0.806622
Train 193, loss: 1.528745, train acc: 0.913783, train avg acc: 0.883504
Test 193, loss: 1.725514, test acc: 0.861021, test avg acc: 0.811750
Train 194, loss: 1.531543, train acc: 0.916633, train avg acc: 0.883604
Test 194, loss: 1.714282, test acc: 0.860211, test avg acc: 0.820744
Train 195, loss: 1.528907, train acc: 0.917040, train avg acc: 0.885941
Test 195, loss: 1.746173, test acc: 0.841572, test avg acc: 0.796256
Train 196, loss: 1.524395, train acc: 0.918974, train avg acc: 0.885973
Test 196, loss: 1.717059, test acc: 0.856159, test avg acc: 0.810797
Train 197, loss: 1.523506, train acc: 0.917142, train avg acc: 0.889237
Test 197, loss: 1.716537, test acc: 0.868720, test avg acc: 0.820128
Train 198, loss: 1.521047, train acc: 0.919686, train avg acc: 0.887736
Test 198, loss: 1.730874, test acc: 0.848865, test avg acc: 0.796872
Train 199, loss: 1.514726, train acc: 0.923962, train avg acc: 0.895375
Test 199, loss: 1.714591, test acc: 0.867099, test avg acc: 0.821244
Train 200, loss: 1.516560, train acc: 0.919279, train avg acc: 0.889257
Test 200, loss: 1.707462, test acc: 0.871151, test avg acc: 0.823657
Train 201, loss: 1.510842, train acc: 0.925489, train avg acc: 0.898445
Test 201, loss: 1.712088, test acc: 0.876418, test avg acc: 0.824820
Train 202, loss: 1.510269, train acc: 0.924369, train avg acc: 0.896742
Test 202, loss: 1.722500, test acc: 0.855754, test avg acc: 0.810087
Train 203, loss: 1.512302, train acc: 0.920704, train avg acc: 0.886288
Test 203, loss: 1.714218, test acc: 0.868314, test avg acc: 0.816738
Train 204, loss: 1.512525, train acc: 0.922129, train avg acc: 0.891600
Test 204, loss: 1.723613, test acc: 0.858590, test avg acc: 0.815424
Train 205, loss: 1.500502, train acc: 0.929662, train avg acc: 0.899436
Test 205, loss: 1.704854, test acc: 0.871151, test avg acc: 0.822198
Train 206, loss: 1.506245, train acc: 0.927219, train avg acc: 0.897955
Test 206, loss: 1.697967, test acc: 0.858995, test avg acc: 0.809738
Train 207, loss: 1.499614, train acc: 0.929967, train avg acc: 0.902851
Test 207, loss: 1.706205, test acc: 0.868314, test avg acc: 0.823041
Train 208, loss: 1.500826, train acc: 0.926608, train avg acc: 0.896382
Test 208, loss: 1.717358, test acc: 0.855754, test avg acc: 0.801820
Train 209, loss: 1.499458, train acc: 0.929153, train avg acc: 0.900733
Test 209, loss: 1.729148, test acc: 0.865478, test avg acc: 0.820488
Train 210, loss: 1.494628, train acc: 0.934548, train avg acc: 0.908179
Test 210, loss: 1.692105, test acc: 0.869935, test avg acc: 0.821727
Train 211, loss: 1.494905, train acc: 0.931800, train avg acc: 0.905097
Test 211, loss: 1.713788, test acc: 0.864263, test avg acc: 0.813244
Train 212, loss: 1.492583, train acc: 0.931596, train avg acc: 0.905177
Test 212, loss: 1.713033, test acc: 0.868720, test avg acc: 0.824738
Train 213, loss: 1.492662, train acc: 0.932410, train avg acc: 0.906746
Test 213, loss: 1.704554, test acc: 0.869125, test avg acc: 0.820203
Train 214, loss: 1.487106, train acc: 0.935261, train avg acc: 0.909093
Test 214, loss: 1.712262, test acc: 0.872366, test avg acc: 0.825291
Train 215, loss: 1.483951, train acc: 0.936686, train avg acc: 0.911176
Test 215, loss: 1.709093, test acc: 0.867099, test avg acc: 0.816448
Train 216, loss: 1.484637, train acc: 0.936787, train avg acc: 0.913274
Test 216, loss: 1.715779, test acc: 0.861831, test avg acc: 0.812279
Train 217, loss: 1.474881, train acc: 0.939332, train avg acc: 0.913403
Test 217, loss: 1.705418, test acc: 0.864668, test avg acc: 0.817663
Train 218, loss: 1.484519, train acc: 0.935973, train avg acc: 0.913349
Test 218, loss: 1.702159, test acc: 0.867504, test avg acc: 0.819657
Train 219, loss: 1.480814, train acc: 0.937602, train avg acc: 0.914128
Test 219, loss: 1.706765, test acc: 0.870340, test avg acc: 0.828744
Train 220, loss: 1.480866, train acc: 0.936177, train avg acc: 0.909817
Test 220, loss: 1.709781, test acc: 0.870340, test avg acc: 0.824779
Train 221, loss: 1.474659, train acc: 0.940554, train avg acc: 0.916221
Test 221, loss: 1.689199, test acc: 0.873177, test avg acc: 0.828860
Train 222, loss: 1.470101, train acc: 0.942182, train avg acc: 0.917200
Test 222, loss: 1.695690, test acc: 0.873987, test avg acc: 0.835314
Train 223, loss: 1.472009, train acc: 0.943709, train avg acc: 0.921165
Test 223, loss: 1.687000, test acc: 0.872771, test avg acc: 0.830070
Train 224, loss: 1.471046, train acc: 0.942182, train avg acc: 0.920852
Test 224, loss: 1.700250, test acc: 0.868720, test avg acc: 0.824407
Train 225, loss: 1.471983, train acc: 0.941877, train avg acc: 0.918293
Test 225, loss: 1.685907, test acc: 0.872366, test avg acc: 0.827738
Train 226, loss: 1.473239, train acc: 0.942386, train avg acc: 0.920742
Test 226, loss: 1.693012, test acc: 0.877229, test avg acc: 0.832064
Train 227, loss: 1.469161, train acc: 0.941368, train avg acc: 0.916336
Test 227, loss: 1.688936, test acc: 0.876418, test avg acc: 0.833326
Train 228, loss: 1.467413, train acc: 0.942590, train avg acc: 0.919783
Test 228, loss: 1.698740, test acc: 0.868314, test avg acc: 0.817605
Train 229, loss: 1.467384, train acc: 0.942793, train avg acc: 0.919141
Test 229, loss: 1.703432, test acc: 0.872771, test avg acc: 0.833948
Train 230, loss: 1.462135, train acc: 0.946763, train avg acc: 0.924844
Test 230, loss: 1.693698, test acc: 0.869530, test avg acc: 0.824192
Train 231, loss: 1.464316, train acc: 0.942997, train avg acc: 0.919282
Test 231, loss: 1.700478, test acc: 0.873582, test avg acc: 0.833279
Train 232, loss: 1.462854, train acc: 0.946050, train avg acc: 0.925251
Test 232, loss: 1.692034, test acc: 0.875203, test avg acc: 0.828651
Train 233, loss: 1.468295, train acc: 0.940656, train avg acc: 0.913930
Test 233, loss: 1.696077, test acc: 0.876823, test avg acc: 0.826110
Train 234, loss: 1.457658, train acc: 0.947577, train avg acc: 0.925925
Test 234, loss: 1.697789, test acc: 0.875203, test avg acc: 0.826733
Train 235, loss: 1.461508, train acc: 0.946661, train avg acc: 0.924270
Test 235, loss: 1.690572, test acc: 0.873987, test avg acc: 0.825523
Train 236, loss: 1.460695, train acc: 0.946967, train avg acc: 0.924939
Test 236, loss: 1.696605, test acc: 0.875608, test avg acc: 0.831779
Train 237, loss: 1.459133, train acc: 0.950326, train avg acc: 0.928928
Test 237, loss: 1.696299, test acc: 0.876418, test avg acc: 0.828686
